"2025-07-11 22:22:45 [INFO] o.s.t.c.s.AnnotationConfigContextLoaderUtils - Could not detect default configuration classes for test class [com.benjamin.Banking_app.Loans.LoanControllerTests]: LoanControllerTests does not declare any static, non-private, non-final, nested classes annotated with @Configuration.
""2025-07-11 22:22:45 [INFO] o.s.b.t.c.SpringBootTestContextBootstrapper - Found @SpringBootConfiguration com.benjamin.Banking_app.App for test class com.benjamin.Banking_app.Loans.LoanControllerTests
""2025-07-11 22:22:45 [INFO] o.h.v.i.u.Version - HV000001: Hibernate Validator 8.0.1.Final
""2025-07-11 22:22:45 [INFO] c.b.B.L.LoanControllerTests - Starting LoanControllerTests using Java 21 with PID 90740 (started by ben in /Users/ben/Desktop/Banking_app)
""2025-07-11 22:22:45 [INFO] c.b.B.L.LoanControllerTests - No active profile set, falling back to 1 default profile: "default"
""2025-07-11 22:22:47 [INFO] o.s.s.w.DefaultSecurityFilterChain - Will secure any request with [org.springframework.security.web.session.DisableEncodeUrlFilter@32513dea, org.springframework.security.web.context.request.async.WebAsyncManagerIntegrationFilter@5d0e703a, org.springframework.security.web.context.SecurityContextHolderFilter@5b23c1f6, org.springframework.security.web.header.HeaderWriterFilter@45b8bbbf, org.springframework.web.filter.CorsFilter@7f77e065, org.springframework.security.web.authentication.logout.LogoutFilter@520c3dcb, com.benjamin.Banking_app.Security.JwtAuthenticationFilter@20027c44, org.springframework.security.web.savedrequest.RequestCacheAwareFilter@3bf01a01, org.springframework.security.web.servletapi.SecurityContextHolderAwareRequestFilter@299cab08, org.springframework.security.web.authentication.AnonymousAuthenticationFilter@6f655dbd, org.springframework.security.web.session.SessionManagementFilter@10cb050, org.springframework.security.web.access.ExceptionTranslationFilter@2adc1e84, org.springframework.security.web.access.intercept.AuthorizationFilter@14af73e1]
""2025-07-11 22:22:47 [INFO] o.s.b.t.m.w.SpringBootMockServletContext - Initializing Spring TestDispatcherServlet ''
""2025-07-11 22:22:47 [INFO] o.s.t.w.s.TestDispatcherServlet - Initializing Servlet ''
""2025-07-11 22:22:47 [INFO] o.s.t.w.s.TestDispatcherServlet - Completed initialization in 1 ms
""2025-07-11 22:22:47 [INFO] c.b.B.L.LoanControllerTests - Started LoanControllerTests in 2.309 seconds (process running for 3.908)
""2025-07-11 22:22:47 [INFO] o.s.t.c.s.AnnotationConfigContextLoaderUtils - Could not detect default configuration classes for test class [com.benjamin.Banking_app.Transactions.TransactionRepositoryTest]: TransactionRepositoryTest does not declare any static, non-private, non-final, nested classes annotated with @Configuration.
""2025-07-11 22:22:47 [INFO] o.s.b.t.c.SpringBootTestContextBootstrapper - Found @SpringBootConfiguration com.benjamin.Banking_app.App for test class com.benjamin.Banking_app.Transactions.TransactionRepositoryTest
""2025-07-11 22:22:47 [INFO] c.b.B.T.TransactionRepositoryTest - Starting TransactionRepositoryTest using Java 21 with PID 90740 (started by ben in /Users/ben/Desktop/Banking_app)
""2025-07-11 22:22:47 [INFO] c.b.B.T.TransactionRepositoryTest - No active profile set, falling back to 1 default profile: "default"
""2025-07-11 22:22:48 [INFO] o.s.d.r.c.RepositoryConfigurationDelegate - Bootstrapping Spring Data JPA repositories in DEFAULT mode.
""2025-07-11 22:22:48 [INFO] o.s.d.r.c.RepositoryConfigurationDelegate - Finished Spring Data repository scanning in 31 ms. Found 5 JPA repository interfaces.
""2025-07-11 22:22:48 [INFO] o.s.b.t.a.j.TestDatabaseAutoConfiguration$EmbeddedDataSourceBeanFactoryPostProcessor - Replacing 'dataSource' DataSource bean with embedded version
""2025-07-11 22:22:48 [INFO] o.s.j.d.e.EmbeddedDatabaseFactory - Starting embedded database: url='jdbc:h2:mem:486538f9-d2da-4828-a005-7e84ac2dc730;DB_CLOSE_DELAY=-1;DB_CLOSE_ON_EXIT=false', username='sa'
""2025-07-11 22:22:48 [INFO] o.h.j.i.u.LogHelper - HHH000204: Processing PersistenceUnitInfo [name: default]
""2025-07-11 22:22:48 [INFO] o.h.Version - HHH000412: Hibernate ORM core version 6.4.4.Final
""2025-07-11 22:22:48 [INFO] o.h.c.i.RegionFactoryInitiator - HHH000026: Second-level cache disabled
""2025-07-11 22:22:48 [INFO] o.s.o.j.p.SpringPersistenceUnitInfo - No LoadTimeWeaver setup: ignoring JPA class transformer
""2025-07-11 22:22:49 [INFO] o.h.e.t.j.p.i.JtaPlatformInitiator - HHH000489: No JTA platform available (set 'hibernate.transaction.jta.platform' to enable JTA platform integration)
""2025-07-11 22:22:49 [INFO] o.s.o.j.LocalContainerEntityManagerFactoryBean - Initialized JPA EntityManagerFactory for persistence unit 'default'
""2025-07-11 22:22:50 [INFO] o.s.s.w.DefaultSecurityFilterChain - Will secure any request with [org.springframework.security.web.session.DisableEncodeUrlFilter@43905ade, org.springframework.security.web.context.request.async.WebAsyncManagerIntegrationFilter@502326b3, org.springframework.security.web.context.SecurityContextHolderFilter@25d73ca6, org.springframework.security.web.header.HeaderWriterFilter@7231c423, org.springframework.security.web.authentication.logout.LogoutFilter@27c68ccb, com.benjamin.Banking_app.Security.JwtAuthenticationFilter@20c5b5f8, org.springframework.security.web.savedrequest.RequestCacheAwareFilter@7902b006, org.springframework.security.web.servletapi.SecurityContextHolderAwareRequestFilter@5ee63d9, org.springframework.security.web.authentication.AnonymousAuthenticationFilter@5f51f320, org.springframework.security.web.session.SessionManagementFilter@5c4c4e96, org.springframework.security.web.access.ExceptionTranslationFilter@76c5599b, org.springframework.security.web.access.intercept.AuthorizationFilter@3d2ec8b2]
""2025-07-11 22:22:50 [INFO] o.s.s.c.TaskSchedulerRouter - No TaskScheduler/ScheduledExecutorService bean found for scheduled processing
""2025-07-11 22:22:50 [INFO] c.b.B.T.TransactionRepositoryTest - Started TransactionRepositoryTest in 2.12 seconds (process running for 6.444)
""2025-07-11 22:22:50 [INFO] c.b.B.L.LoanServiceImpl - loan application initiated
""2025-07-11 22:22:50 [INFO] c.b.B.L.LoanServiceImpl -  loan: 1 repaid for this month successfully
""2025-07-11 22:22:50 [INFO] c.b.B.L.LoanServiceImpl -  loan: 1 repaid for this month successfully
""2025-07-11 22:22:50 [INFO] c.b.B.L.LoanServiceImpl - searching for loan: 1
""2025-07-11 22:22:50 [INFO] c.b.B.L.LoanServiceImpl - searching for loan: 1
""2025-07-11 22:22:50 [INFO] c.b.B.L.LoanServiceImpl -  loan: 1 repaid for this month successfully
""2025-07-11 22:22:50 [INFO] o.s.t.c.s.AnnotationConfigContextLoaderUtils - Could not detect default configuration classes for test class [com.benjamin.Banking_app.Transactions.TransactionsControllerTest]: TransactionsControllerTest does not declare any static, non-private, non-final, nested classes annotated with @Configuration.
""2025-07-11 22:22:50 [INFO] o.s.b.t.c.SpringBootTestContextBootstrapper - Found @SpringBootConfiguration com.benjamin.Banking_app.App for test class com.benjamin.Banking_app.Transactions.TransactionsControllerTest
""2025-07-11 22:22:50 [INFO] c.b.B.T.TransactionsControllerTest - Starting TransactionsControllerTest using Java 21 with PID 90740 (started by ben in /Users/ben/Desktop/Banking_app)
""2025-07-11 22:22:50 [INFO] c.b.B.T.TransactionsControllerTest - No active profile set, falling back to 1 default profile: "default"
""2025-07-11 22:22:50 [INFO] o.s.s.w.DefaultSecurityFilterChain - Will secure any request with [org.springframework.security.web.session.DisableEncodeUrlFilter@49ce89ec, org.springframework.security.web.context.request.async.WebAsyncManagerIntegrationFilter@4041b733, org.springframework.security.web.context.SecurityContextHolderFilter@824eb67, org.springframework.security.web.header.HeaderWriterFilter@c4aa99e, org.springframework.web.filter.CorsFilter@43f06942, org.springframework.security.web.authentication.logout.LogoutFilter@49c819c7, com.benjamin.Banking_app.Security.JwtAuthenticationFilter@6bcc277a, org.springframework.security.web.savedrequest.RequestCacheAwareFilter@72c5902b, org.springframework.security.web.servletapi.SecurityContextHolderAwareRequestFilter@2b9ac1b4, org.springframework.security.web.authentication.AnonymousAuthenticationFilter@6aa060f6, org.springframework.security.web.session.SessionManagementFilter@1199ac5, org.springframework.security.web.access.ExceptionTranslationFilter@6fd2b939, org.springframework.security.web.access.intercept.AuthorizationFilter@6ab86832]
""2025-07-11 22:22:50 [INFO] o.s.b.t.m.w.SpringBootMockServletContext - Initializing Spring TestDispatcherServlet ''
""2025-07-11 22:22:50 [INFO] o.s.t.w.s.TestDispatcherServlet - Initializing Servlet ''
""2025-07-11 22:22:50 [INFO] o.s.t.w.s.TestDispatcherServlet - Completed initialization in 1 ms
""2025-07-11 22:22:50 [INFO] c.b.B.T.TransactionsControllerTest - Started TransactionsControllerTest in 0.431 seconds (process running for 7.2)
""2025-07-11 22:22:50 [INFO] o.s.t.c.s.AnnotationConfigContextLoaderUtils - Could not detect default configuration classes for test class [com.benjamin.Banking_app.BankingAppApplicationTests]: BankingAppApplicationTests does not declare any static, non-private, non-final, nested classes annotated with @Configuration.
""2025-07-11 22:22:50 [INFO] o.s.b.t.c.SpringBootTestContextBootstrapper - Found @SpringBootConfiguration com.benjamin.Banking_app.App for test class com.benjamin.Banking_app.BankingAppApplicationTests
""2025-07-11 22:22:50 [INFO] c.b.B.BankingAppApplicationTests - Starting BankingAppApplicationTests using Java 21 with PID 90740 (started by ben in /Users/ben/Desktop/Banking_app)
""2025-07-11 22:22:50 [INFO] c.b.B.BankingAppApplicationTests - No active profile set, falling back to 1 default profile: "default"
""2025-07-11 22:22:51 [INFO] o.s.d.r.c.RepositoryConfigurationDelegate - Bootstrapping Spring Data JPA repositories in DEFAULT mode.
""2025-07-11 22:22:51 [INFO] o.s.d.r.c.RepositoryConfigurationDelegate - Finished Spring Data repository scanning in 9 ms. Found 5 JPA repository interfaces.
""2025-07-11 22:22:51 [INFO] o.h.j.i.u.LogHelper - HHH000204: Processing PersistenceUnitInfo [name: default]
""2025-07-11 22:22:51 [INFO] o.h.c.i.RegionFactoryInitiator - HHH000026: Second-level cache disabled
""2025-07-11 22:22:51 [INFO] o.s.o.j.p.SpringPersistenceUnitInfo - No LoadTimeWeaver setup: ignoring JPA class transformer
""2025-07-11 22:22:51 [INFO] c.z.h.HikariDataSource - HikariPool-1 - Starting...
""2025-07-11 22:22:51 [INFO] c.z.h.p.HikariPool - HikariPool-1 - Added connection conn9: url=jdbc:h2:mem:testdb user=SA
""2025-07-11 22:22:51 [INFO] c.z.h.HikariDataSource - HikariPool-1 - Start completed.
""2025-07-11 22:22:51 [INFO] o.h.e.t.j.p.i.JtaPlatformInitiator - HHH000489: No JTA platform available (set 'hibernate.transaction.jta.platform' to enable JTA platform integration)
""2025-07-11 22:22:51 [INFO] o.s.o.j.LocalContainerEntityManagerFactoryBean - Initialized JPA EntityManagerFactory for persistence unit 'default'
""2025-07-11 22:22:51 [WARN] o.s.b.a.o.j.JpaBaseConfiguration$JpaWebConfiguration - spring.jpa.open-in-view is enabled by default. Therefore, database queries may be performed during view rendering. Explicitly configure spring.jpa.open-in-view to disable this warning
""2025-07-11 22:22:51 [INFO] o.s.s.w.DefaultSecurityFilterChain - Will secure any request with [org.springframework.security.web.session.DisableEncodeUrlFilter@49bf800f, org.springframework.security.web.context.request.async.WebAsyncManagerIntegrationFilter@7563ca08, org.springframework.security.web.context.SecurityContextHolderFilter@6dd6c64c, org.springframework.security.web.header.HeaderWriterFilter@58e48d9, org.springframework.web.filter.CorsFilter@4089505c, org.springframework.security.web.authentication.logout.LogoutFilter@59bcab83, com.benjamin.Banking_app.Security.JwtAuthenticationFilter@62f0035a, org.springframework.security.web.savedrequest.RequestCacheAwareFilter@241b5364, org.springframework.security.web.servletapi.SecurityContextHolderAwareRequestFilter@53a41fbe, org.springframework.security.web.authentication.AnonymousAuthenticationFilter@53fa89e6, org.springframework.security.web.session.SessionManagementFilter@7be55279, org.springframework.security.web.access.ExceptionTranslationFilter@6ae47c1e, org.springframework.security.web.access.intercept.AuthorizationFilter@54e8f10a]
""2025-07-11 22:22:51 [INFO] c.b.B.BankingAppApplicationTests - Started BankingAppApplicationTests in 1.063 seconds (process running for 8.305)
""2025-07-11 22:22:51 [INFO] o.s.t.c.s.AnnotationConfigContextLoaderUtils - Could not detect default configuration classes for test class [com.benjamin.Banking_app.Accounts.AccountControllerTest]: AccountControllerTest does not declare any static, non-private, non-final, nested classes annotated with @Configuration.
""2025-07-11 22:22:51 [INFO] o.s.b.t.c.SpringBootTestContextBootstrapper - Found @SpringBootConfiguration com.benjamin.Banking_app.App for test class com.benjamin.Banking_app.Accounts.AccountControllerTest
""2025-07-11 22:22:51 [INFO] c.b.B.A.AccountControllerTest - Starting AccountControllerTest using Java 21 with PID 90740 (started by ben in /Users/ben/Desktop/Banking_app)
""2025-07-11 22:22:51 [INFO] c.b.B.A.AccountControllerTest - No active profile set, falling back to 1 default profile: "default"
""2025-07-11 22:22:52 [INFO] o.s.s.w.DefaultSecurityFilterChain - Will secure any request with [org.springframework.security.web.session.DisableEncodeUrlFilter@d1a17cc, org.springframework.security.web.context.request.async.WebAsyncManagerIntegrationFilter@71fd650b, org.springframework.security.web.context.SecurityContextHolderFilter@1f40bb82, org.springframework.security.web.header.HeaderWriterFilter@19a39f7, org.springframework.web.filter.CorsFilter@6a9f41ff, org.springframework.security.web.authentication.logout.LogoutFilter@245b080c, com.benjamin.Banking_app.Security.JwtAuthenticationFilter@7076714c, org.springframework.security.web.savedrequest.RequestCacheAwareFilter@54586e29, org.springframework.security.web.servletapi.SecurityContextHolderAwareRequestFilter@45da0d4, org.springframework.security.web.authentication.AnonymousAuthenticationFilter@ad92442, org.springframework.security.web.session.SessionManagementFilter@6bea3a13, org.springframework.security.web.access.ExceptionTranslationFilter@227d25d6, org.springframework.security.web.access.intercept.AuthorizationFilter@5a575e30]
""2025-07-11 22:22:52 [INFO] o.s.b.t.m.w.SpringBootMockServletContext - Initializing Spring TestDispatcherServlet ''
""2025-07-11 22:22:52 [INFO] o.s.t.w.s.TestDispatcherServlet - Initializing Servlet ''
""2025-07-11 22:22:52 [INFO] o.s.t.w.s.TestDispatcherServlet - Completed initialization in 0 ms
""2025-07-11 22:22:52 [INFO] c.b.B.A.AccountControllerTest - Started AccountControllerTest in 0.25 seconds (process running for 8.572)
""2025-07-11 22:22:52 [INFO] o.s.t.c.s.AnnotationConfigContextLoaderUtils - Could not detect default configuration classes for test class [com.benjamin.Banking_app.Accounts.AccountRepositoryTests]: AccountRepositoryTests does not declare any static, non-private, non-final, nested classes annotated with @Configuration.
""2025-07-11 22:22:52 [INFO] o.s.b.t.c.SpringBootTestContextBootstrapper - Found @SpringBootConfiguration com.benjamin.Banking_app.App for test class com.benjamin.Banking_app.Accounts.AccountRepositoryTests
""2025-07-11 22:22:52 [INFO] c.b.B.A.AccountServiceImpl -  creating an account...
""2025-07-11 22:22:52 [INFO] c.b.B.A.AccountServiceImpl -  creating an account...
""2025-07-11 22:22:52 [INFO] c.b.B.A.AccountServiceImpl -  account: com.benjamin.Banking_app.Accounts.Account@3a369bbd created successfully
""2025-07-11 22:22:52 [INFO] c.b.B.A.AccountServiceImpl -  creating an account...
""2025-07-11 22:22:52 [WARN] c.b.B.A.AccountServiceImpl - attempt to create an account with a duplicate username
""2025-07-11 22:22:52 [INFO] c.b.B.A.AccountServiceImpl -  creating an account...
""2025-07-11 22:22:52 [INFO] c.b.B.A.AccountServiceImpl -  account: com.benjamin.Banking_app.Accounts.Account@2b488a42 created successfully
""2025-07-11 22:22:52 [INFO] c.b.B.A.AccountServiceImpl -  searched account: com.benjamin.Banking_app.Accounts.Account@68812a5c returned successfuly 
""2025-07-11 22:22:52 [ERROR] c.b.B.A.AccountServiceImpl - failed to process the direct debit. from: 1, to: 2, Amount: 9.99999999E8
""2025-07-11 22:22:52 [INFO] c.b.B.A.AccountServiceImpl - funds transferred successfully. from: John, to: toUser, Amount: 500.0
""2025-07-11 22:22:52 [INFO] c.b.B.A.AccountServiceImpl - Deposit successful. AccountId: 1, Amount: 500.0, New Balance: 50500.0
""2025-07-11 22:22:52 [INFO] c.b.B.A.AccountServiceImpl - account: 1 deleted successfully
""2025-07-11 22:22:52 [INFO] c.b.B.A.AccountServiceImpl - transaction history of: 1 requested
""2025-07-11 22:22:52 [INFO] c.b.B.A.AccountServiceImpl - Returned 0 transactions for account ID: 1
""2025-07-11 22:22:52 [INFO] c.b.B.A.AccountServiceImpl - transaction history of: 1 requested
""2025-07-11 22:22:52 [INFO] c.b.B.A.AccountServiceImpl - Returned 2 transactions for account ID: 1
""2025-07-11 22:22:52 [INFO] o.s.t.c.s.AnnotationConfigContextLoaderUtils - Could not detect default configuration classes for test class [com.benjamin.Banking_app.Loans.LoanRepositoryTest]: LoanRepositoryTest does not declare any static, non-private, non-final, nested classes annotated with @Configuration.
""2025-07-11 22:22:52 [INFO] o.s.b.t.c.SpringBootTestContextBootstrapper - Found @SpringBootConfiguration com.benjamin.Banking_app.App for test class com.benjamin.Banking_app.Loans.LoanRepositoryTest
""2025-07-11 22:22:52 [INFO] c.b.B.L.LoanServiceImpl - searching for loan: 5
""2025-07-11 22:22:52 [INFO] o.s.o.j.LocalContainerEntityManagerFactoryBean - Closing JPA EntityManagerFactory for persistence unit 'default'
""2025-07-11 22:22:52 [INFO] o.s.o.j.LocalContainerEntityManagerFactoryBean - Closing JPA EntityManagerFactory for persistence unit 'default'
""2025-07-11 22:22:52 [INFO] c.z.h.HikariDataSource - HikariPool-1 - Shutdown initiated...
""2025-07-11 22:22:52 [INFO] c.z.h.HikariDataSource - HikariPool-1 - Shutdown completed.
"