"2026-02-09 18:56:17 [INFO] o.h.v.i.u.Version - HV000001: Hibernate Validator 8.0.1.Final
""2026-02-09 18:56:17 [INFO] c.b.B.App - Starting App using Java 21 with PID 5773 (/Users/ben/Desktop/b2/Banking_app/target/classes started by ben in /Users/ben/Desktop/b2/Banking_app)
""2026-02-09 18:56:17 [INFO] c.b.B.App - No active profile set, falling back to 1 default profile: "default"
""2026-02-09 18:56:18 [INFO] o.s.d.r.c.RepositoryConfigurationDelegate - Bootstrapping Spring Data JPA repositories in DEFAULT mode.
""2026-02-09 18:56:18 [INFO] o.s.d.r.c.RepositoryConfigurationDelegate - Finished Spring Data repository scanning in 42 ms. Found 5 JPA repository interfaces.
""2026-02-09 18:56:18 [INFO] o.s.b.w.e.t.TomcatWebServer - Tomcat initialized with port 8080 (http)
""2026-02-09 18:56:18 [INFO] o.a.c.h.Http11NioProtocol - Initializing ProtocolHandler ["http-nio-8080"]
""2026-02-09 18:56:18 [INFO] o.a.c.c.StandardService - Starting service [Tomcat]
""2026-02-09 18:56:18 [INFO] o.a.c.c.StandardEngine - Starting Servlet engine: [Apache Tomcat/10.1.20]
""2026-02-09 18:56:18 [INFO] o.a.c.c.C.[.[.[/] - Initializing Spring embedded WebApplicationContext
""2026-02-09 18:56:18 [INFO] o.s.b.w.s.c.ServletWebServerApplicationContext - Root WebApplicationContext: initialization completed in 1285 ms
""2026-02-09 18:56:18 [INFO] o.h.j.i.u.LogHelper - HHH000204: Processing PersistenceUnitInfo [name: default]
""2026-02-09 18:56:19 [INFO] o.h.Version - HHH000412: Hibernate ORM core version 6.4.4.Final
""2026-02-09 18:56:19 [INFO] o.h.c.i.RegionFactoryInitiator - HHH000026: Second-level cache disabled
""2026-02-09 18:56:19 [INFO] o.s.o.j.p.SpringPersistenceUnitInfo - No LoadTimeWeaver setup: ignoring JPA class transformer
""2026-02-09 18:56:19 [INFO] c.z.h.HikariDataSource - HikariPool-1 - Starting...
""2026-02-09 18:56:19 [INFO] c.z.h.p.HikariPool - HikariPool-1 - Added connection org.postgresql.jdbc.PgConnection@4fa0ee7e
""2026-02-09 18:56:19 [INFO] c.z.h.HikariDataSource - HikariPool-1 - Start completed.
""2026-02-09 18:56:20 [INFO] o.h.e.t.j.p.i.JtaPlatformInitiator - HHH000489: No JTA platform available (set 'hibernate.transaction.jta.platform' to enable JTA platform integration)
""2026-02-09 18:56:20 [INFO] o.s.o.j.LocalContainerEntityManagerFactoryBean - Initialized JPA EntityManagerFactory for persistence unit 'default'
""2026-02-09 18:56:20 [WARN] o.s.b.a.o.j.JpaBaseConfiguration$JpaWebConfiguration - spring.jpa.open-in-view is enabled by default. Therefore, database queries may be performed during view rendering. Explicitly configure spring.jpa.open-in-view to disable this warning
""2026-02-09 18:56:21 [INFO] o.s.s.w.DefaultSecurityFilterChain - Will secure any request with [org.springframework.security.web.session.DisableEncodeUrlFilter@4205d1c9, org.springframework.security.web.context.request.async.WebAsyncManagerIntegrationFilter@4512f5f1, org.springframework.security.web.context.SecurityContextHolderFilter@4e9d1119, org.springframework.security.web.header.HeaderWriterFilter@4615bc00, org.springframework.web.filter.CorsFilter@2a22e7e2, org.springframework.security.web.authentication.logout.LogoutFilter@36a7586f, com.benjamin.Banking_app.Security.JwtAuthenticationFilter@6d40a2b, org.springframework.security.web.savedrequest.RequestCacheAwareFilter@6079d219, org.springframework.security.web.servletapi.SecurityContextHolderAwareRequestFilter@4ed90b04, org.springframework.security.web.authentication.AnonymousAuthenticationFilter@3bfead8d, org.springframework.security.web.session.SessionManagementFilter@19240b9, org.springframework.security.web.access.ExceptionTranslationFilter@45e49d3d, org.springframework.security.web.access.intercept.AuthorizationFilter@37f60cd4]
""2026-02-09 18:56:21 [INFO] o.a.c.h.Http11NioProtocol - Starting ProtocolHandler ["http-nio-8080"]
""2026-02-09 18:56:21 [INFO] o.s.b.w.e.t.TomcatWebServer - Tomcat started on port 8080 (http) with context path ''
""2026-02-09 18:56:21 [INFO] c.b.B.App - Started App in 4.228 seconds (process running for 4.977)
""2026-02-09 18:56:40 [INFO] o.a.c.c.C.[.[.[/] - Initializing Spring DispatcherServlet 'dispatcherServlet'
""2026-02-09 18:56:40 [INFO] o.s.w.s.DispatcherServlet - Initializing Servlet 'dispatcherServlet'
""2026-02-09 18:56:40 [INFO] o.s.w.s.DispatcherServlet - Completed initialization in 1 ms
""2026-02-09 18:56:53 [INFO] c.b.B.S.AuthenticationService - User user5user5@gmail.com logged in succesfully
""2026-02-09 18:57:11 [INFO] o.s.o.j.LocalContainerEntityManagerFactoryBean - Closing JPA EntityManagerFactory for persistence unit 'default'
""2026-02-09 18:57:11 [INFO] c.z.h.HikariDataSource - HikariPool-1 - Shutdown initiated...
""2026-02-09 18:57:11 [INFO] c.z.h.HikariDataSource - HikariPool-1 - Shutdown completed.
"