"2026-02-21 00:10:50 [INFO] c.b.B.T.TransactionServiceImpl - Returned 4 transactions history for account ID: 15
""2026-02-21 00:10:57 [INFO] c.b.B.T.TransactionServiceImpl - Returned 4 transactions history for account ID: 15
""2026-02-21 00:11:06 [INFO] c.b.B.T.TransactionServiceImpl - Returned 4 transactions history for account ID: 15
""2026-02-21 00:11:52 [INFO] c.b.B.T.TransactionServiceImpl - Returned 4 transactions history for account ID: 15
""2026-02-21 00:11:59 [INFO] c.b.B.T.TransactionServiceImpl - Returned 4 transactions history for account ID: 15
""2026-02-21 00:12:04 [INFO] c.b.B.T.TransactionServiceImpl - Returned 4 transactions history for account ID: 15
""2026-02-21 00:14:48 [INFO] c.b.B.L.LoanServiceImpl - returning all loans of user: user5user5@gmail.com
""2026-02-21 00:14:53 [INFO] c.b.B.L.LoanServiceImpl - returning all loans of user: user5user5@gmail.com
""2026-02-21 00:14:54 [INFO] c.b.B.L.LoanServiceImpl - returning all loans of user: user5user5@gmail.com
""2026-02-21 00:14:56 [INFO] c.b.B.L.LoanServiceImpl - returning all loans of user: user5user5@gmail.com
""2026-02-21 00:14:59 [INFO] c.b.B.L.LoanServiceImpl - returning all loans of user: user5user5@gmail.com
""2026-02-21 00:21:44 [INFO] c.b.B.L.LoanServiceImpl - returning all loans of user: user5user5@gmail.com
""2026-02-21 00:21:49 [INFO] c.b.B.L.LoanServiceImpl - returning all loans of user: user5user5@gmail.com
""2026-02-21 00:21:50 [INFO] c.b.B.L.LoanServiceImpl - returning all loans of user: user5user5@gmail.com
""2026-02-21 00:22:19 [INFO] c.b.B.L.LoanServiceImpl - returning all loans of user: user1user1@gmail.com
""2026-02-21 00:26:32 [INFO] o.s.o.j.LocalContainerEntityManagerFactoryBean - Closing JPA EntityManagerFactory for persistence unit 'default'
""2026-02-21 00:26:32 [INFO] c.z.h.HikariDataSource - HikariPool-1 - Shutdown initiated...
""2026-02-21 00:26:32 [INFO] c.z.h.HikariDataSource - HikariPool-1 - Shutdown completed.
""2026-02-21 14:00:35 [INFO] o.h.v.i.u.Version - HV000001: Hibernate Validator 8.0.1.Final
""2026-02-21 14:00:35 [INFO] c.b.B.App - Starting App using Java 21 with PID 4752 (/Users/ben/Desktop/b2/Banking_app/target/classes started by ben in /Users/ben/Desktop/b2/Banking_app)
""2026-02-21 14:00:35 [INFO] c.b.B.App - No active profile set, falling back to 1 default profile: "default"
""2026-02-21 14:00:36 [INFO] o.s.d.r.c.RepositoryConfigurationDelegate - Bootstrapping Spring Data JPA repositories in DEFAULT mode.
""2026-02-21 14:00:36 [INFO] o.s.d.r.c.RepositoryConfigurationDelegate - Finished Spring Data repository scanning in 73 ms. Found 5 JPA repository interfaces.
""2026-02-21 14:00:36 [INFO] o.s.b.w.e.t.TomcatWebServer - Tomcat initialized with port 8080 (http)
""2026-02-21 14:00:36 [INFO] o.a.c.h.Http11NioProtocol - Initializing ProtocolHandler ["http-nio-8080"]
""2026-02-21 14:00:36 [INFO] o.a.c.c.StandardService - Starting service [Tomcat]
""2026-02-21 14:00:36 [INFO] o.a.c.c.StandardEngine - Starting Servlet engine: [Apache Tomcat/10.1.20]
""2026-02-21 14:00:36 [INFO] o.a.c.c.C.[.[.[/] - Initializing Spring embedded WebApplicationContext
""2026-02-21 14:00:36 [INFO] o.s.b.w.s.c.ServletWebServerApplicationContext - Root WebApplicationContext: initialization completed in 1626 ms
""2026-02-21 14:00:36 [INFO] o.h.j.i.u.LogHelper - HHH000204: Processing PersistenceUnitInfo [name: default]
""2026-02-21 14:00:36 [INFO] o.h.Version - HHH000412: Hibernate ORM core version 6.4.4.Final
""2026-02-21 14:00:36 [INFO] o.h.c.i.RegionFactoryInitiator - HHH000026: Second-level cache disabled
""2026-02-21 14:00:37 [INFO] o.s.o.j.p.SpringPersistenceUnitInfo - No LoadTimeWeaver setup: ignoring JPA class transformer
""2026-02-21 14:00:37 [INFO] c.z.h.HikariDataSource - HikariPool-1 - Starting...
""2026-02-21 14:00:37 [INFO] c.z.h.p.HikariPool - HikariPool-1 - Added connection org.postgresql.jdbc.PgConnection@59fea5f5
""2026-02-21 14:00:37 [INFO] c.z.h.HikariDataSource - HikariPool-1 - Start completed.
""2026-02-21 14:00:38 [INFO] o.h.e.t.j.p.i.JtaPlatformInitiator - HHH000489: No JTA platform available (set 'hibernate.transaction.jta.platform' to enable JTA platform integration)
""2026-02-21 14:00:38 [INFO] o.s.o.j.LocalContainerEntityManagerFactoryBean - Initialized JPA EntityManagerFactory for persistence unit 'default'
""2026-02-21 14:00:39 [WARN] o.s.b.a.o.j.JpaBaseConfiguration$JpaWebConfiguration - spring.jpa.open-in-view is enabled by default. Therefore, database queries may be performed during view rendering. Explicitly configure spring.jpa.open-in-view to disable this warning
""2026-02-21 14:00:39 [INFO] o.s.s.w.DefaultSecurityFilterChain - Will secure any request with [org.springframework.security.web.session.DisableEncodeUrlFilter@752573df, org.springframework.security.web.context.request.async.WebAsyncManagerIntegrationFilter@6ebf5f26, org.springframework.security.web.context.SecurityContextHolderFilter@34e1c23d, org.springframework.security.web.header.HeaderWriterFilter@7f19430f, org.springframework.web.filter.CorsFilter@7a5a26b7, org.springframework.security.web.authentication.logout.LogoutFilter@515555b, com.benjamin.Banking_app.Security.JwtAuthenticationFilter@fef2768, org.springframework.security.web.savedrequest.RequestCacheAwareFilter@4fb3c670, org.springframework.security.web.servletapi.SecurityContextHolderAwareRequestFilter@6b6c882c, org.springframework.security.web.authentication.AnonymousAuthenticationFilter@3524ee20, org.springframework.security.web.session.SessionManagementFilter@408a0e92, org.springframework.security.web.access.ExceptionTranslationFilter@eb23b9c, org.springframework.security.web.access.intercept.AuthorizationFilter@4d9ad37e]
""2026-02-21 14:00:39 [INFO] o.a.c.h.Http11NioProtocol - Starting ProtocolHandler ["http-nio-8080"]
""2026-02-21 14:00:39 [INFO] o.s.b.w.e.t.TomcatWebServer - Tomcat started on port 8080 (http) with context path ''
""2026-02-21 14:00:39 [INFO] c.b.B.App - Started App in 4.963 seconds (process running for 5.772)
""2026-02-21 14:01:00 [INFO] o.a.c.c.C.[.[.[/] - Initializing Spring DispatcherServlet 'dispatcherServlet'
""2026-02-21 14:01:00 [INFO] o.s.w.s.DispatcherServlet - Initializing Servlet 'dispatcherServlet'
""2026-02-21 14:01:00 [INFO] o.s.w.s.DispatcherServlet - Completed initialization in 5 ms
""2026-02-21 14:01:57 [INFO] c.b.B.L.LoanServiceImpl - returning all loans of user: user5user5@gmail.com
""2026-02-21 14:03:04 [INFO] c.b.B.T.TransactionServiceImpl - Returned 10 transactions history for account ID: 294
""2026-02-21 14:03:11 [INFO] c.b.B.T.TransactionServiceImpl - Returned 10 transactions history for account ID: 294
""2026-02-21 14:03:12 [INFO] c.b.B.T.TransactionServiceImpl - Returned 10 transactions history for account ID: 294
""2026-02-21 14:03:21 [INFO] c.b.B.T.TransactionServiceImpl - Returned 10 transactions history for account ID: 294
""2026-02-21 14:03:22 [INFO] c.b.B.T.TransactionServiceImpl - Returned 10 transactions history for account ID: 294
""2026-02-21 14:03:31 [INFO] c.b.B.T.TransactionServiceImpl - Returned 10 transactions history for account ID: 294
""2026-02-21 14:08:00 [INFO] c.b.B.T.TransactionServiceImpl - Returned 10 transactions history for account ID: 294
""2026-02-21 14:08:17 [INFO] c.b.B.T.TransactionServiceImpl - Returned 10 transactions history for account ID: 294
""2026-02-21 14:08:19 [INFO] c.b.B.T.TransactionServiceImpl - Returned 10 transactions history for account ID: 294
""2026-02-21 14:11:22 [INFO] c.b.B.T.TransactionServiceImpl - Returned 10 transactions history for account ID: 294
""2026-02-21 14:12:32 [INFO] c.b.B.T.TransactionServiceImpl - Returned 10 transactions history for account ID: 294
""2026-02-21 14:12:35 [INFO] c.b.B.T.TransactionServiceImpl - Returned 10 transactions history for account ID: 294
""2026-02-21 14:12:37 [INFO] c.b.B.T.TransactionServiceImpl - Returned 10 transactions history for account ID: 294
""2026-02-21 14:12:37 [INFO] c.b.B.T.TransactionServiceImpl - Returned 10 transactions history for account ID: 294
""2026-02-21 14:12:38 [INFO] c.b.B.T.TransactionServiceImpl - Returned 10 transactions history for account ID: 294
""2026-02-21 14:47:53 [INFO] o.s.o.j.LocalContainerEntityManagerFactoryBean - Closing JPA EntityManagerFactory for persistence unit 'default'
""2026-02-21 14:47:53 [INFO] c.z.h.HikariDataSource - HikariPool-1 - Shutdown initiated...
""2026-02-21 14:47:53 [INFO] c.z.h.HikariDataSource - HikariPool-1 - Shutdown completed.
""2026-02-21 14:47:56 [INFO] o.h.v.i.u.Version - HV000001: Hibernate Validator 8.0.1.Final
""2026-02-21 14:47:56 [INFO] c.b.B.App - Starting App using Java 21 with PID 25198 (/Users/ben/Desktop/b2/Banking_app/target/classes started by ben in /Users/ben/Desktop/b2/Banking_app)
""2026-02-21 14:47:56 [INFO] c.b.B.App - No active profile set, falling back to 1 default profile: "default"
""2026-02-21 14:47:57 [INFO] o.s.d.r.c.RepositoryConfigurationDelegate - Bootstrapping Spring Data JPA repositories in DEFAULT mode.
""2026-02-21 14:47:57 [INFO] o.s.d.r.c.RepositoryConfigurationDelegate - Finished Spring Data repository scanning in 45 ms. Found 5 JPA repository interfaces.
""2026-02-21 14:47:57 [INFO] o.s.b.w.e.t.TomcatWebServer - Tomcat initialized with port 8080 (http)
""2026-02-21 14:47:57 [INFO] o.a.c.h.Http11NioProtocol - Initializing ProtocolHandler ["http-nio-8080"]
""2026-02-21 14:47:57 [INFO] o.a.c.c.StandardService - Starting service [Tomcat]
""2026-02-21 14:47:57 [INFO] o.a.c.c.StandardEngine - Starting Servlet engine: [Apache Tomcat/10.1.20]
""2026-02-21 14:47:57 [INFO] o.a.c.c.C.[.[.[/] - Initializing Spring embedded WebApplicationContext
""2026-02-21 14:47:57 [INFO] o.s.b.w.s.c.ServletWebServerApplicationContext - Root WebApplicationContext: initialization completed in 1576 ms
""2026-02-21 14:47:58 [INFO] o.h.j.i.u.LogHelper - HHH000204: Processing PersistenceUnitInfo [name: default]
""2026-02-21 14:47:58 [INFO] o.h.Version - HHH000412: Hibernate ORM core version 6.4.4.Final
""2026-02-21 14:47:58 [INFO] o.h.c.i.RegionFactoryInitiator - HHH000026: Second-level cache disabled
""2026-02-21 14:47:58 [INFO] o.s.o.j.p.SpringPersistenceUnitInfo - No LoadTimeWeaver setup: ignoring JPA class transformer
""2026-02-21 14:47:58 [INFO] c.z.h.HikariDataSource - HikariPool-1 - Starting...
""2026-02-21 14:47:58 [INFO] c.z.h.p.HikariPool - HikariPool-1 - Added connection org.postgresql.jdbc.PgConnection@22aee519
""2026-02-21 14:47:58 [INFO] c.z.h.HikariDataSource - HikariPool-1 - Start completed.
""2026-02-21 14:47:59 [INFO] o.h.e.t.j.p.i.JtaPlatformInitiator - HHH000489: No JTA platform available (set 'hibernate.transaction.jta.platform' to enable JTA platform integration)
""2026-02-21 14:47:59 [INFO] o.s.o.j.LocalContainerEntityManagerFactoryBean - Initialized JPA EntityManagerFactory for persistence unit 'default'
""2026-02-21 14:48:00 [WARN] o.s.b.a.o.j.JpaBaseConfiguration$JpaWebConfiguration - spring.jpa.open-in-view is enabled by default. Therefore, database queries may be performed during view rendering. Explicitly configure spring.jpa.open-in-view to disable this warning
""2026-02-21 14:48:00 [INFO] o.s.s.w.DefaultSecurityFilterChain - Will secure any request with [org.springframework.security.web.session.DisableEncodeUrlFilter@51f31fad, org.springframework.security.web.context.request.async.WebAsyncManagerIntegrationFilter@7976d382, org.springframework.security.web.context.SecurityContextHolderFilter@29897daf, org.springframework.security.web.header.HeaderWriterFilter@3119fcad, org.springframework.web.filter.CorsFilter@59f36439, org.springframework.security.web.authentication.logout.LogoutFilter@19412eef, com.benjamin.Banking_app.Security.JwtAuthenticationFilter@507fecf3, org.springframework.security.web.savedrequest.RequestCacheAwareFilter@5246453e, org.springframework.security.web.servletapi.SecurityContextHolderAwareRequestFilter@299f9a81, org.springframework.security.web.authentication.AnonymousAuthenticationFilter@4feea86f, org.springframework.security.web.session.SessionManagementFilter@44b1d2fa, org.springframework.security.web.access.ExceptionTranslationFilter@384cd83a, org.springframework.security.web.access.intercept.AuthorizationFilter@3d72abea]
""2026-02-21 14:48:00 [INFO] o.a.c.h.Http11NioProtocol - Starting ProtocolHandler ["http-nio-8080"]
""2026-02-21 14:48:00 [INFO] o.s.b.w.e.t.TomcatWebServer - Tomcat started on port 8080 (http) with context path ''
""2026-02-21 14:48:00 [INFO] c.b.B.App - Started App in 4.761 seconds (process running for 5.738)
""2026-02-21 14:49:00 [INFO] o.a.c.c.C.[.[.[/] - Initializing Spring DispatcherServlet 'dispatcherServlet'
""2026-02-21 14:49:00 [INFO] o.s.w.s.DispatcherServlet - Initializing Servlet 'dispatcherServlet'
""2026-02-21 14:49:00 [INFO] o.s.w.s.DispatcherServlet - Completed initialization in 4 ms
""2026-02-21 14:58:20 [INFO] o.s.o.j.LocalContainerEntityManagerFactoryBean - Closing JPA EntityManagerFactory for persistence unit 'default'
""2026-02-21 14:58:20 [INFO] c.z.h.HikariDataSource - HikariPool-1 - Shutdown initiated...
""2026-02-21 14:58:20 [INFO] c.z.h.HikariDataSource - HikariPool-1 - Shutdown completed.
""2026-02-21 14:58:25 [INFO] o.h.v.i.u.Version - HV000001: Hibernate Validator 8.0.1.Final
""2026-02-21 14:58:25 [INFO] c.b.B.App - Starting App using Java 21 with PID 29853 (/Users/ben/Desktop/b2/Banking_app/target/classes started by ben in /Users/ben/Desktop/b2/Banking_app)
""2026-02-21 14:58:25 [INFO] c.b.B.App - No active profile set, falling back to 1 default profile: "default"
""2026-02-21 14:58:26 [INFO] o.s.d.r.c.RepositoryConfigurationDelegate - Bootstrapping Spring Data JPA repositories in DEFAULT mode.
""2026-02-21 14:58:26 [INFO] o.s.d.r.c.RepositoryConfigurationDelegate - Finished Spring Data repository scanning in 49 ms. Found 5 JPA repository interfaces.
""2026-02-21 14:58:27 [INFO] o.s.b.w.e.t.TomcatWebServer - Tomcat initialized with port 8080 (http)
""2026-02-21 14:58:27 [INFO] o.a.c.h.Http11NioProtocol - Initializing ProtocolHandler ["http-nio-8080"]
""2026-02-21 14:58:27 [INFO] o.a.c.c.StandardService - Starting service [Tomcat]
""2026-02-21 14:58:27 [INFO] o.a.c.c.StandardEngine - Starting Servlet engine: [Apache Tomcat/10.1.20]
""2026-02-21 14:58:27 [INFO] o.a.c.c.C.[.[.[/] - Initializing Spring embedded WebApplicationContext
""2026-02-21 14:58:27 [INFO] o.s.b.w.s.c.ServletWebServerApplicationContext - Root WebApplicationContext: initialization completed in 1478 ms
""2026-02-21 14:58:27 [INFO] o.h.j.i.u.LogHelper - HHH000204: Processing PersistenceUnitInfo [name: default]
""2026-02-21 14:58:27 [INFO] o.h.Version - HHH000412: Hibernate ORM core version 6.4.4.Final
""2026-02-21 14:58:27 [INFO] o.h.c.i.RegionFactoryInitiator - HHH000026: Second-level cache disabled
""2026-02-21 14:58:27 [INFO] o.s.o.j.p.SpringPersistenceUnitInfo - No LoadTimeWeaver setup: ignoring JPA class transformer
""2026-02-21 14:58:27 [INFO] c.z.h.HikariDataSource - HikariPool-1 - Starting...
""2026-02-21 14:58:28 [INFO] c.z.h.p.HikariPool - HikariPool-1 - Added connection org.postgresql.jdbc.PgConnection@66d2885c
""2026-02-21 14:58:28 [INFO] c.z.h.HikariDataSource - HikariPool-1 - Start completed.
""2026-02-21 14:58:29 [INFO] o.h.e.t.j.p.i.JtaPlatformInitiator - HHH000489: No JTA platform available (set 'hibernate.transaction.jta.platform' to enable JTA platform integration)
""2026-02-21 14:58:29 [INFO] o.s.o.j.LocalContainerEntityManagerFactoryBean - Initialized JPA EntityManagerFactory for persistence unit 'default'
""2026-02-21 14:58:30 [WARN] o.s.b.a.o.j.JpaBaseConfiguration$JpaWebConfiguration - spring.jpa.open-in-view is enabled by default. Therefore, database queries may be performed during view rendering. Explicitly configure spring.jpa.open-in-view to disable this warning
""2026-02-21 14:58:30 [INFO] o.s.s.w.DefaultSecurityFilterChain - Will secure any request with [org.springframework.security.web.session.DisableEncodeUrlFilter@4feea86f, org.springframework.security.web.context.request.async.WebAsyncManagerIntegrationFilter@6a9c848, org.springframework.security.web.context.SecurityContextHolderFilter@299f9a81, org.springframework.security.web.header.HeaderWriterFilter@77cd1f67, org.springframework.web.filter.CorsFilter@498cf1dc, org.springframework.security.web.authentication.logout.LogoutFilter@7ae97a58, com.benjamin.Banking_app.Security.JwtAuthenticationFilter@589a4305, org.springframework.security.web.savedrequest.RequestCacheAwareFilter@2561d61, org.springframework.security.web.servletapi.SecurityContextHolderAwareRequestFilter@6259d7a0, org.springframework.security.web.authentication.AnonymousAuthenticationFilter@b9c8678, org.springframework.security.web.session.SessionManagementFilter@29897daf, org.springframework.security.web.access.ExceptionTranslationFilter@6d7005e2, org.springframework.security.web.access.intercept.AuthorizationFilter@51f31fad]
""2026-02-21 14:58:30 [INFO] o.a.c.h.Http11NioProtocol - Starting ProtocolHandler ["http-nio-8080"]
""2026-02-21 14:58:30 [INFO] o.s.b.w.e.t.TomcatWebServer - Tomcat started on port 8080 (http) with context path ''
""2026-02-21 14:58:30 [INFO] c.b.B.App - Started App in 5.313 seconds (process running for 5.814)
""2026-02-21 14:58:41 [INFO] o.a.c.c.C.[.[.[/] - Initializing Spring DispatcherServlet 'dispatcherServlet'
""2026-02-21 14:58:41 [INFO] o.s.w.s.DispatcherServlet - Initializing Servlet 'dispatcherServlet'
""2026-02-21 14:58:41 [INFO] o.s.w.s.DispatcherServlet - Completed initialization in 4 ms
""2026-02-21 14:59:59 [INFO] o.s.t.c.s.AnnotationConfigContextLoaderUtils - Could not detect default configuration classes for test class [com.benjamin.Banking_app.DirectDebit.DirectDebitRepoTest]: DirectDebitRepoTest does not declare any static, non-private, non-final, nested classes annotated with @Configuration.
""2026-02-21 14:59:59 [INFO] o.s.b.t.c.SpringBootTestContextBootstrapper - Found @SpringBootConfiguration com.benjamin.Banking_app.App for test class com.benjamin.Banking_app.DirectDebit.DirectDebitRepoTest
""2026-02-21 14:59:59 [INFO] o.h.v.i.u.Version - HV000001: Hibernate Validator 8.0.1.Final
""2026-02-21 15:00:00 [INFO] c.b.B.D.DirectDebitRepoTest - Starting DirectDebitRepoTest using Java 21 with PID 30522 (started by ben in /Users/ben/Desktop/b2/Banking_app)
""2026-02-21 15:00:00 [INFO] c.b.B.D.DirectDebitRepoTest - No active profile set, falling back to 1 default profile: "default"
""2026-02-21 15:00:00 [INFO] o.s.d.r.c.RepositoryConfigurationDelegate - Bootstrapping Spring Data JPA repositories in DEFAULT mode.
""2026-02-21 15:00:00 [INFO] o.s.d.r.c.RepositoryConfigurationDelegate - Finished Spring Data repository scanning in 57 ms. Found 5 JPA repository interfaces.
""2026-02-21 15:00:00 [INFO] o.s.b.t.a.j.TestDatabaseAutoConfiguration$EmbeddedDataSourceBeanFactoryPostProcessor - Replacing 'dataSource' DataSource bean with embedded version
""2026-02-21 15:00:00 [INFO] o.s.j.d.e.EmbeddedDatabaseFactory - Starting embedded database: url='jdbc:h2:mem:c21f1c3b-f1ac-411c-9393-4117b7d938cc;DB_CLOSE_DELAY=-1;DB_CLOSE_ON_EXIT=false', username='sa'
""2026-02-21 15:00:00 [INFO] o.h.j.i.u.LogHelper - HHH000204: Processing PersistenceUnitInfo [name: default]
""2026-02-21 15:00:00 [INFO] o.h.Version - HHH000412: Hibernate ORM core version 6.4.4.Final
""2026-02-21 15:00:00 [INFO] o.h.c.i.RegionFactoryInitiator - HHH000026: Second-level cache disabled
""2026-02-21 15:00:01 [INFO] o.s.o.j.p.SpringPersistenceUnitInfo - No LoadTimeWeaver setup: ignoring JPA class transformer
""2026-02-21 15:00:01 [INFO] o.h.e.t.j.p.i.JtaPlatformInitiator - HHH000489: No JTA platform available (set 'hibernate.transaction.jta.platform' to enable JTA platform integration)
""2026-02-21 15:00:01 [INFO] o.s.o.j.LocalContainerEntityManagerFactoryBean - Initialized JPA EntityManagerFactory for persistence unit 'default'
""2026-02-21 15:00:02 [INFO] o.s.s.w.DefaultSecurityFilterChain - Will secure any request with [org.springframework.security.web.session.DisableEncodeUrlFilter@eb66b47, org.springframework.security.web.context.request.async.WebAsyncManagerIntegrationFilter@11e75942, org.springframework.security.web.context.SecurityContextHolderFilter@3d8512e9, org.springframework.security.web.header.HeaderWriterFilter@615b1baf, org.springframework.web.filter.CorsFilter@23c61c1b, org.springframework.security.web.authentication.logout.LogoutFilter@1e9d6c78, com.benjamin.Banking_app.Security.JwtAuthenticationFilter@1c0a143, org.springframework.security.web.savedrequest.RequestCacheAwareFilter@2a045e85, org.springframework.security.web.servletapi.SecurityContextHolderAwareRequestFilter@48861d1, org.springframework.security.web.authentication.AnonymousAuthenticationFilter@4a6d6308, org.springframework.security.web.session.SessionManagementFilter@4b8601a1, org.springframework.security.web.access.ExceptionTranslationFilter@70ebaa1e, org.springframework.security.web.access.intercept.AuthorizationFilter@23a78d2e]
""2026-02-21 15:00:02 [INFO] o.s.s.c.TaskSchedulerRouter - No TaskScheduler/ScheduledExecutorService bean found for scheduled processing
""2026-02-21 15:00:02 [INFO] c.b.B.D.DirectDebitRepoTest - Started DirectDebitRepoTest in 2.961 seconds (process running for 3.935)
""2026-02-21 15:00:03 [INFO] o.s.o.j.LocalContainerEntityManagerFactoryBean - Closing JPA EntityManagerFactory for persistence unit 'default'
""2026-02-21 15:00:18 [INFO] o.s.t.c.s.AnnotationConfigContextLoaderUtils - Could not detect default configuration classes for test class [com.benjamin.Banking_app.DirectDebit.DirectDebitRepoTest]: DirectDebitRepoTest does not declare any static, non-private, non-final, nested classes annotated with @Configuration.
""2026-02-21 15:00:18 [INFO] o.s.b.t.c.SpringBootTestContextBootstrapper - Found @SpringBootConfiguration com.benjamin.Banking_app.App for test class com.benjamin.Banking_app.DirectDebit.DirectDebitRepoTest
""2026-02-21 15:00:18 [INFO] o.h.v.i.u.Version - HV000001: Hibernate Validator 8.0.1.Final
""2026-02-21 15:00:18 [INFO] c.b.B.D.DirectDebitRepoTest - Starting DirectDebitRepoTest using Java 21 with PID 30662 (started by ben in /Users/ben/Desktop/b2/Banking_app)
""2026-02-21 15:00:18 [INFO] c.b.B.D.DirectDebitRepoTest - No active profile set, falling back to 1 default profile: "default"
""2026-02-21 15:00:19 [INFO] o.s.d.r.c.RepositoryConfigurationDelegate - Bootstrapping Spring Data JPA repositories in DEFAULT mode.
""2026-02-21 15:00:19 [INFO] o.s.d.r.c.RepositoryConfigurationDelegate - Finished Spring Data repository scanning in 57 ms. Found 5 JPA repository interfaces.
""2026-02-21 15:00:19 [INFO] o.s.b.t.a.j.TestDatabaseAutoConfiguration$EmbeddedDataSourceBeanFactoryPostProcessor - Replacing 'dataSource' DataSource bean with embedded version
""2026-02-21 15:00:19 [INFO] o.s.j.d.e.EmbeddedDatabaseFactory - Starting embedded database: url='jdbc:h2:mem:cb748c09-b6dd-4bfd-bd4f-504dc7cdeb88;DB_CLOSE_DELAY=-1;DB_CLOSE_ON_EXIT=false', username='sa'
""2026-02-21 15:00:19 [INFO] o.h.j.i.u.LogHelper - HHH000204: Processing PersistenceUnitInfo [name: default]
""2026-02-21 15:00:19 [INFO] o.h.Version - HHH000412: Hibernate ORM core version 6.4.4.Final
""2026-02-21 15:00:19 [INFO] o.h.c.i.RegionFactoryInitiator - HHH000026: Second-level cache disabled
""2026-02-21 15:00:19 [INFO] o.s.o.j.p.SpringPersistenceUnitInfo - No LoadTimeWeaver setup: ignoring JPA class transformer
""2026-02-21 15:00:20 [INFO] o.h.e.t.j.p.i.JtaPlatformInitiator - HHH000489: No JTA platform available (set 'hibernate.transaction.jta.platform' to enable JTA platform integration)
""2026-02-21 15:00:20 [INFO] o.s.o.j.LocalContainerEntityManagerFactoryBean - Initialized JPA EntityManagerFactory for persistence unit 'default'
""2026-02-21 15:00:21 [INFO] o.s.s.w.DefaultSecurityFilterChain - Will secure any request with [org.springframework.security.web.session.DisableEncodeUrlFilter@eb66b47, org.springframework.security.web.context.request.async.WebAsyncManagerIntegrationFilter@11e75942, org.springframework.security.web.context.SecurityContextHolderFilter@3d8512e9, org.springframework.security.web.header.HeaderWriterFilter@615b1baf, org.springframework.web.filter.CorsFilter@23c61c1b, org.springframework.security.web.authentication.logout.LogoutFilter@1e9d6c78, com.benjamin.Banking_app.Security.JwtAuthenticationFilter@1c0a143, org.springframework.security.web.savedrequest.RequestCacheAwareFilter@2a045e85, org.springframework.security.web.servletapi.SecurityContextHolderAwareRequestFilter@48861d1, org.springframework.security.web.authentication.AnonymousAuthenticationFilter@4a6d6308, org.springframework.security.web.session.SessionManagementFilter@4b8601a1, org.springframework.security.web.access.ExceptionTranslationFilter@70ebaa1e, org.springframework.security.web.access.intercept.AuthorizationFilter@23a78d2e]
""2026-02-21 15:00:21 [INFO] o.s.s.c.TaskSchedulerRouter - No TaskScheduler/ScheduledExecutorService bean found for scheduled processing
""2026-02-21 15:00:21 [INFO] c.b.B.D.DirectDebitRepoTest - Started DirectDebitRepoTest in 2.887 seconds (process running for 4.087)
""2026-02-21 15:00:22 [INFO] o.s.o.j.LocalContainerEntityManagerFactoryBean - Closing JPA EntityManagerFactory for persistence unit 'default'
""2026-02-21 15:01:41 [INFO] c.b.B.L.LoanServiceImpl - returning all loans of user: user5user5@gmail.com
""2026-02-21 15:01:43 [INFO] c.b.B.L.LoanServiceImpl - returning all loans of user: user5user5@gmail.com
""2026-02-21 15:01:44 [INFO] c.b.B.L.LoanServiceImpl - returning all loans of user: user5user5@gmail.com
""2026-02-21 15:01:54 [INFO] c.b.B.T.TransactionServiceImpl - Returned 10 transactions history for account ID: 294
""2026-02-21 15:01:58 [INFO] c.b.B.T.TransactionServiceImpl - Returned 10 transactions history for account ID: 294
""2026-02-21 15:02:00 [INFO] c.b.B.T.TransactionServiceImpl - Returned 10 transactions history for account ID: 294
""2026-02-21 15:02:28 [INFO] c.b.B.T.TransactionServiceImpl - Returned 10 transactions history for account ID: 294
""2026-02-21 15:02:39 [INFO] c.b.B.T.TransactionServiceImpl - Returned 10 transactions history for account ID: 294
""2026-02-21 15:06:40 [INFO] c.b.B.T.TransactionServiceImpl - Returned 10 transactions history for account ID: 294
""2026-02-21 15:06:53 [INFO] c.b.B.T.TransactionServiceImpl - Returned 10 transactions history for account ID: 294
""2026-02-21 15:10:38 [INFO] c.b.B.A.AccountServiceImpl - user5user5@gmail.com is retrieving all accounts ...
""2026-02-21 15:10:52 [INFO] o.s.o.j.LocalContainerEntityManagerFactoryBean - Closing JPA EntityManagerFactory for persistence unit 'default'
""2026-02-21 15:10:52 [INFO] c.z.h.HikariDataSource - HikariPool-1 - Shutdown initiated...
""2026-02-21 15:10:52 [INFO] c.z.h.HikariDataSource - HikariPool-1 - Shutdown completed.
"