"2025-07-07 19:23:58 [INFO] o.s.t.c.s.AnnotationConfigContextLoaderUtils - Could not detect default configuration classes for test class [com.benjamin.Banking_app.Loans.LoanControllerTests]: LoanControllerTests does not declare any static, non-private, non-final, nested classes annotated with @Configuration.
""2025-07-07 19:23:58 [INFO] o.s.b.t.c.SpringBootTestContextBootstrapper - Found @SpringBootConfiguration com.benjamin.Banking_app.App for test class com.benjamin.Banking_app.Loans.LoanControllerTests
""2025-07-07 19:23:58 [INFO] o.h.v.i.u.Version - HV000001: Hibernate Validator 8.0.1.Final
""2025-07-07 19:23:58 [INFO] c.b.B.L.LoanControllerTests - Starting LoanControllerTests using Java 21 with PID 39480 (started by ben in /Users/ben/Desktop/Banking_app)
""2025-07-07 19:23:58 [INFO] c.b.B.L.LoanControllerTests - No active profile set, falling back to 1 default profile: "default"
""2025-07-07 19:24:00 [INFO] o.s.s.w.DefaultSecurityFilterChain - Will secure any request with [org.springframework.security.web.session.DisableEncodeUrlFilter@507f47f9, org.springframework.security.web.context.request.async.WebAsyncManagerIntegrationFilter@6785df10, org.springframework.security.web.context.SecurityContextHolderFilter@57b130f6, org.springframework.security.web.header.HeaderWriterFilter@9d3a7a1, org.springframework.web.filter.CorsFilter@144440f5, org.springframework.security.web.authentication.logout.LogoutFilter@3f908bc0, com.benjamin.Banking_app.Security.JwtAuthenticationFilter@79d4ff58, org.springframework.security.web.savedrequest.RequestCacheAwareFilter@2cc61b3b, org.springframework.security.web.servletapi.SecurityContextHolderAwareRequestFilter@72e75786, org.springframework.security.web.authentication.AnonymousAuthenticationFilter@3e2c8ef, org.springframework.security.web.session.SessionManagementFilter@6acb45c1, org.springframework.security.web.access.ExceptionTranslationFilter@38cf4497, org.springframework.security.web.access.intercept.AuthorizationFilter@17f41739]
""2025-07-07 19:24:01 [INFO] o.s.b.t.m.w.SpringBootMockServletContext - Initializing Spring TestDispatcherServlet ''
""2025-07-07 19:24:01 [INFO] o.s.t.w.s.TestDispatcherServlet - Initializing Servlet ''
""2025-07-07 19:24:01 [INFO] o.s.t.w.s.TestDispatcherServlet - Completed initialization in 1 ms
""2025-07-07 19:24:01 [INFO] c.b.B.L.LoanControllerTests - Started LoanControllerTests in 2.538 seconds (process running for 4.085)
""2025-07-07 19:24:01 [INFO] o.s.t.c.s.AnnotationConfigContextLoaderUtils - Could not detect default configuration classes for test class [com.benjamin.Banking_app.BankingAppApplicationTests]: BankingAppApplicationTests does not declare any static, non-private, non-final, nested classes annotated with @Configuration.
""2025-07-07 19:24:01 [INFO] o.s.b.t.c.SpringBootTestContextBootstrapper - Found @SpringBootConfiguration com.benjamin.Banking_app.App for test class com.benjamin.Banking_app.BankingAppApplicationTests
""2025-07-07 19:24:01 [INFO] c.b.B.BankingAppApplicationTests - Starting BankingAppApplicationTests using Java 21 with PID 39480 (started by ben in /Users/ben/Desktop/Banking_app)
""2025-07-07 19:24:01 [INFO] c.b.B.BankingAppApplicationTests - No active profile set, falling back to 1 default profile: "default"
""2025-07-07 19:24:02 [INFO] o.s.d.r.c.RepositoryConfigurationDelegate - Bootstrapping Spring Data JPA repositories in DEFAULT mode.
""2025-07-07 19:24:02 [INFO] o.s.d.r.c.RepositoryConfigurationDelegate - Finished Spring Data repository scanning in 30 ms. Found 5 JPA repository interfaces.
""2025-07-07 19:24:02 [INFO] o.h.j.i.u.LogHelper - HHH000204: Processing PersistenceUnitInfo [name: default]
""2025-07-07 19:24:02 [INFO] o.h.Version - HHH000412: Hibernate ORM core version 6.4.4.Final
""2025-07-07 19:24:02 [INFO] o.h.c.i.RegionFactoryInitiator - HHH000026: Second-level cache disabled
""2025-07-07 19:24:02 [INFO] o.s.o.j.p.SpringPersistenceUnitInfo - No LoadTimeWeaver setup: ignoring JPA class transformer
""2025-07-07 19:24:02 [INFO] c.z.h.HikariDataSource - HikariPool-1 - Starting...
""2025-07-07 19:24:02 [INFO] c.z.h.p.HikariPool - HikariPool-1 - Added connection conn0: url=jdbc:h2:mem:testdb user=SA
""2025-07-07 19:24:02 [INFO] c.z.h.HikariDataSource - HikariPool-1 - Start completed.
""2025-07-07 19:24:03 [INFO] o.h.e.t.j.p.i.JtaPlatformInitiator - HHH000489: No JTA platform available (set 'hibernate.transaction.jta.platform' to enable JTA platform integration)
""2025-07-07 19:24:03 [INFO] o.s.o.j.LocalContainerEntityManagerFactoryBean - Initialized JPA EntityManagerFactory for persistence unit 'default'
""2025-07-07 19:24:03 [WARN] o.s.b.a.o.j.JpaBaseConfiguration$JpaWebConfiguration - spring.jpa.open-in-view is enabled by default. Therefore, database queries may be performed during view rendering. Explicitly configure spring.jpa.open-in-view to disable this warning
""2025-07-07 19:24:04 [INFO] o.s.s.w.DefaultSecurityFilterChain - Will secure any request with [org.springframework.security.web.session.DisableEncodeUrlFilter@45cfbfe9, org.springframework.security.web.context.request.async.WebAsyncManagerIntegrationFilter@13dff835, org.springframework.security.web.context.SecurityContextHolderFilter@3ea4712b, org.springframework.security.web.header.HeaderWriterFilter@2be41d90, org.springframework.web.filter.CorsFilter@7682b160, org.springframework.security.web.authentication.logout.LogoutFilter@1989e9ec, com.benjamin.Banking_app.Security.JwtAuthenticationFilter@19a48bde, org.springframework.security.web.savedrequest.RequestCacheAwareFilter@63156646, org.springframework.security.web.servletapi.SecurityContextHolderAwareRequestFilter@6896ef29, org.springframework.security.web.authentication.AnonymousAuthenticationFilter@4e2783ee, org.springframework.security.web.session.SessionManagementFilter@55a72c9e, org.springframework.security.web.access.ExceptionTranslationFilter@fca54c5, org.springframework.security.web.access.intercept.AuthorizationFilter@ed6d97f]
""2025-07-07 19:24:04 [INFO] c.b.B.BankingAppApplicationTests - Started BankingAppApplicationTests in 2.695 seconds (process running for 7.285)
""2025-07-07 19:24:04 [INFO] o.s.t.c.s.AnnotationConfigContextLoaderUtils - Could not detect default configuration classes for test class [com.benjamin.Banking_app.Accounts.AccountControllerTest]: AccountControllerTest does not declare any static, non-private, non-final, nested classes annotated with @Configuration.
""2025-07-07 19:24:04 [INFO] o.s.b.t.c.SpringBootTestContextBootstrapper - Found @SpringBootConfiguration com.benjamin.Banking_app.App for test class com.benjamin.Banking_app.Accounts.AccountControllerTest
""2025-07-07 19:24:04 [INFO] c.b.B.A.AccountControllerTest - Starting AccountControllerTest using Java 21 with PID 39480 (started by ben in /Users/ben/Desktop/Banking_app)
""2025-07-07 19:24:04 [INFO] c.b.B.A.AccountControllerTest - No active profile set, falling back to 1 default profile: "default"
""2025-07-07 19:24:04 [INFO] o.s.s.w.DefaultSecurityFilterChain - Will secure any request with [org.springframework.security.web.session.DisableEncodeUrlFilter@77f76656, org.springframework.security.web.context.request.async.WebAsyncManagerIntegrationFilter@73a65712, org.springframework.security.web.context.SecurityContextHolderFilter@40e0213c, org.springframework.security.web.header.HeaderWriterFilter@6099193b, org.springframework.web.filter.CorsFilter@a5e9de1, org.springframework.security.web.authentication.logout.LogoutFilter@1f837ac0, com.benjamin.Banking_app.Security.JwtAuthenticationFilter@2fc2305a, org.springframework.security.web.savedrequest.RequestCacheAwareFilter@fd6784a, org.springframework.security.web.servletapi.SecurityContextHolderAwareRequestFilter@272ee84a, org.springframework.security.web.authentication.AnonymousAuthenticationFilter@452888c2, org.springframework.security.web.session.SessionManagementFilter@5834390e, org.springframework.security.web.access.ExceptionTranslationFilter@36bf28d2, org.springframework.security.web.access.intercept.AuthorizationFilter@739785c5]
""2025-07-07 19:24:04 [INFO] o.s.b.t.m.w.SpringBootMockServletContext - Initializing Spring TestDispatcherServlet ''
""2025-07-07 19:24:04 [INFO] o.s.t.w.s.TestDispatcherServlet - Initializing Servlet ''
""2025-07-07 19:24:04 [INFO] o.s.t.w.s.TestDispatcherServlet - Completed initialization in 0 ms
""2025-07-07 19:24:04 [INFO] c.b.B.A.AccountControllerTest - Started AccountControllerTest in 0.392 seconds (process running for 7.716)
""2025-07-07 19:24:05 [INFO] o.s.t.c.s.AnnotationConfigContextLoaderUtils - Could not detect default configuration classes for test class [com.benjamin.Banking_app.Accounts.AccountRepositoryTests]: AccountRepositoryTests does not declare any static, non-private, non-final, nested classes annotated with @Configuration.
""2025-07-07 19:24:05 [INFO] o.s.b.t.c.SpringBootTestContextBootstrapper - Found @SpringBootConfiguration com.benjamin.Banking_app.App for test class com.benjamin.Banking_app.Accounts.AccountRepositoryTests
""2025-07-07 19:24:05 [INFO] c.b.B.A.AccountRepositoryTests - Starting AccountRepositoryTests using Java 21 with PID 39480 (started by ben in /Users/ben/Desktop/Banking_app)
""2025-07-07 19:24:05 [INFO] c.b.B.A.AccountRepositoryTests - No active profile set, falling back to 1 default profile: "default"
""2025-07-07 19:24:05 [INFO] o.s.d.r.c.RepositoryConfigurationDelegate - Bootstrapping Spring Data JPA repositories in DEFAULT mode.
""2025-07-07 19:24:05 [INFO] o.s.d.r.c.RepositoryConfigurationDelegate - Finished Spring Data repository scanning in 12 ms. Found 5 JPA repository interfaces.
""2025-07-07 19:24:05 [INFO] o.s.b.t.a.j.TestDatabaseAutoConfiguration$EmbeddedDataSourceBeanFactoryPostProcessor - Replacing 'dataSource' DataSource bean with embedded version
""2025-07-07 19:24:05 [INFO] o.s.j.d.e.EmbeddedDatabaseFactory - Starting embedded database: url='jdbc:h2:mem:46885b27-4f05-47de-bf7b-bdd85b02a903;DB_CLOSE_DELAY=-1;DB_CLOSE_ON_EXIT=false', username='sa'
""2025-07-07 19:24:05 [INFO] o.h.j.i.u.LogHelper - HHH000204: Processing PersistenceUnitInfo [name: default]
""2025-07-07 19:24:05 [INFO] o.h.c.i.RegionFactoryInitiator - HHH000026: Second-level cache disabled
""2025-07-07 19:24:05 [INFO] o.s.o.j.p.SpringPersistenceUnitInfo - No LoadTimeWeaver setup: ignoring JPA class transformer
""2025-07-07 19:24:05 [INFO] o.h.e.t.j.p.i.JtaPlatformInitiator - HHH000489: No JTA platform available (set 'hibernate.transaction.jta.platform' to enable JTA platform integration)
""2025-07-07 19:24:05 [INFO] o.s.o.j.LocalContainerEntityManagerFactoryBean - Initialized JPA EntityManagerFactory for persistence unit 'default'
""2025-07-07 19:24:05 [INFO] o.s.s.w.DefaultSecurityFilterChain - Will secure any request with [org.springframework.security.web.session.DisableEncodeUrlFilter@64f514d2, org.springframework.security.web.context.request.async.WebAsyncManagerIntegrationFilter@32730f12, org.springframework.security.web.context.SecurityContextHolderFilter@70d259a5, org.springframework.security.web.header.HeaderWriterFilter@59d8de36, org.springframework.security.web.authentication.logout.LogoutFilter@16a81f09, com.benjamin.Banking_app.Security.JwtAuthenticationFilter@1c89afe, org.springframework.security.web.savedrequest.RequestCacheAwareFilter@cf39749, org.springframework.security.web.servletapi.SecurityContextHolderAwareRequestFilter@1345d18f, org.springframework.security.web.authentication.AnonymousAuthenticationFilter@385269dd, org.springframework.security.web.session.SessionManagementFilter@23e883fb, org.springframework.security.web.access.ExceptionTranslationFilter@6a72d5fb, org.springframework.security.web.access.intercept.AuthorizationFilter@3b05fba2]
""2025-07-07 19:24:05 [INFO] o.s.s.c.TaskSchedulerRouter - No TaskScheduler/ScheduledExecutorService bean found for scheduled processing
""2025-07-07 19:24:05 [INFO] c.b.B.A.AccountRepositoryTests - Started AccountRepositoryTests in 0.651 seconds (process running for 8.615)
""2025-07-07 19:24:06 [INFO] o.s.t.c.s.AnnotationConfigContextLoaderUtils - Could not detect default configuration classes for test class [com.benjamin.Banking_app.Transactions.TransactionRepositoryTest]: TransactionRepositoryTest does not declare any static, non-private, non-final, nested classes annotated with @Configuration.
""2025-07-07 19:24:06 [INFO] o.s.b.t.c.SpringBootTestContextBootstrapper - Found @SpringBootConfiguration com.benjamin.Banking_app.App for test class com.benjamin.Banking_app.Transactions.TransactionRepositoryTest
""2025-07-07 19:24:06 [INFO] c.b.B.L.LoanServiceImpl - loan application initiated
""2025-07-07 19:24:06 [INFO] c.b.B.L.LoanServiceImpl -  loan: 1 repaid for this month successfully
""2025-07-07 19:24:06 [INFO] c.b.B.L.LoanServiceImpl -  loan: 1 repaid for this month successfully
""2025-07-07 19:24:06 [INFO] c.b.B.L.LoanServiceImpl - searching for loan: 1
""2025-07-07 19:24:06 [INFO] c.b.B.L.LoanServiceImpl - searching for loan: 1
""2025-07-07 19:24:06 [INFO] c.b.B.L.LoanServiceImpl -  loan: 1 repaid for this month successfully
""2025-07-07 19:24:06 [INFO] c.b.B.A.AccountServiceImpl -  creating an account...
""2025-07-07 19:24:06 [INFO] c.b.B.A.AccountServiceImpl -  creating an account...
""2025-07-07 19:24:06 [INFO] c.b.B.A.AccountServiceImpl -  account: Account(id=1, FirstName=null, lastName=null, email=null, password=null, accountUsername=John, balance=50000.0) created successfully
""2025-07-07 19:24:06 [INFO] c.b.B.A.AccountServiceImpl -  searched account: Account(id=1, FirstName=null, lastName=null, email=null, password=null, accountUsername=John, balance=50000.0) returned successfuly 
""2025-07-07 19:24:06 [ERROR] c.b.B.A.AccountServiceImpl - failed to process the direct debit. from: 1, to: 2, Amount: 9.99999999E8
""2025-07-07 19:24:06 [INFO] c.b.B.A.AccountServiceImpl - funds transferred successfully. from: John, to: toUser, Amount: 500.0
""2025-07-07 19:24:06 [INFO] c.b.B.A.AccountServiceImpl - Deposit successful. AccountId: 1, Amount: 500.0, New Balance: 50500.0
""2025-07-07 19:24:06 [INFO] c.b.B.A.AccountServiceImpl - account: 1 deleted successfully
""2025-07-07 19:24:06 [INFO] c.b.B.A.AccountServiceImpl - transaction history of: 1 requested
""2025-07-07 19:24:06 [INFO] c.b.B.A.AccountServiceImpl - Returned 0 transactions for account ID: 1
""2025-07-07 19:24:06 [INFO] c.b.B.A.AccountServiceImpl - transaction history of: 1 requested
""2025-07-07 19:24:06 [INFO] c.b.B.A.AccountServiceImpl - Returned 2 transactions for account ID: 1
""2025-07-07 19:24:06 [INFO] o.s.t.c.s.AnnotationConfigContextLoaderUtils - Could not detect default configuration classes for test class [com.benjamin.Banking_app.Loans.LoanRepositoryTest]: LoanRepositoryTest does not declare any static, non-private, non-final, nested classes annotated with @Configuration.
""2025-07-07 19:24:06 [INFO] o.s.b.t.c.SpringBootTestContextBootstrapper - Found @SpringBootConfiguration com.benjamin.Banking_app.App for test class com.benjamin.Banking_app.Loans.LoanRepositoryTest
""2025-07-07 19:24:07 [INFO] c.b.B.L.LoanServiceImpl - searching for loan: 5
""2025-07-07 19:24:07 [INFO] o.s.t.c.s.AnnotationConfigContextLoaderUtils - Could not detect default configuration classes for test class [com.benjamin.Banking_app.Transactions.TransactionsControllerTest]: TransactionsControllerTest does not declare any static, non-private, non-final, nested classes annotated with @Configuration.
""2025-07-07 19:24:07 [INFO] o.s.b.t.c.SpringBootTestContextBootstrapper - Found @SpringBootConfiguration com.benjamin.Banking_app.App for test class com.benjamin.Banking_app.Transactions.TransactionsControllerTest
""2025-07-07 19:24:07 [INFO] c.b.B.T.TransactionsControllerTest - Starting TransactionsControllerTest using Java 21 with PID 39480 (started by ben in /Users/ben/Desktop/Banking_app)
""2025-07-07 19:24:07 [INFO] c.b.B.T.TransactionsControllerTest - No active profile set, falling back to 1 default profile: "default"
""2025-07-07 19:24:07 [INFO] o.s.s.w.DefaultSecurityFilterChain - Will secure any request with [org.springframework.security.web.session.DisableEncodeUrlFilter@6eeb6ef7, org.springframework.security.web.context.request.async.WebAsyncManagerIntegrationFilter@67aa004d, org.springframework.security.web.context.SecurityContextHolderFilter@2faaec43, org.springframework.security.web.header.HeaderWriterFilter@28ccc769, org.springframework.web.filter.CorsFilter@76a7f2fa, org.springframework.security.web.authentication.logout.LogoutFilter@1b124b4c, com.benjamin.Banking_app.Security.JwtAuthenticationFilter@137fbb47, org.springframework.security.web.savedrequest.RequestCacheAwareFilter@c7934ea, org.springframework.security.web.servletapi.SecurityContextHolderAwareRequestFilter@42404d83, org.springframework.security.web.authentication.AnonymousAuthenticationFilter@4475b4b1, org.springframework.security.web.session.SessionManagementFilter@506e35b9, org.springframework.security.web.access.ExceptionTranslationFilter@7edba571, org.springframework.security.web.access.intercept.AuthorizationFilter@1ee590b7]
""2025-07-07 19:24:07 [INFO] o.s.b.t.m.w.SpringBootMockServletContext - Initializing Spring TestDispatcherServlet ''
""2025-07-07 19:24:07 [INFO] o.s.t.w.s.TestDispatcherServlet - Initializing Servlet ''
""2025-07-07 19:24:07 [INFO] o.s.t.w.s.TestDispatcherServlet - Completed initialization in 0 ms
""2025-07-07 19:24:07 [INFO] c.b.B.T.TransactionsControllerTest - Started TransactionsControllerTest in 0.297 seconds (process running for 10.263)
""2025-07-07 19:24:07 [INFO] o.s.o.j.LocalContainerEntityManagerFactoryBean - Closing JPA EntityManagerFactory for persistence unit 'default'
""2025-07-07 19:24:07 [INFO] c.z.h.HikariDataSource - HikariPool-1 - Shutdown initiated...
""2025-07-07 19:24:07 [INFO] c.z.h.HikariDataSource - HikariPool-1 - Shutdown completed.
""2025-07-07 19:24:07 [INFO] o.s.o.j.LocalContainerEntityManagerFactoryBean - Closing JPA EntityManagerFactory for persistence unit 'default'
""2025-07-07 19:24:16 [INFO] o.h.v.i.u.Version - HV000001: Hibernate Validator 8.0.1.Final
""2025-07-07 19:24:16 [INFO] c.b.B.App - Starting App using Java 21 with PID 39539 (/Users/ben/Desktop/Banking_app/target/classes started by ben in /Users/ben/Desktop/Banking_app)
""2025-07-07 19:24:16 [INFO] c.b.B.App - No active profile set, falling back to 1 default profile: "default"
""2025-07-07 19:24:17 [INFO] o.s.d.r.c.RepositoryConfigurationDelegate - Bootstrapping Spring Data JPA repositories in DEFAULT mode.
""2025-07-07 19:24:17 [INFO] o.s.d.r.c.RepositoryConfigurationDelegate - Finished Spring Data repository scanning in 41 ms. Found 5 JPA repository interfaces.
""2025-07-07 19:24:17 [INFO] o.s.b.w.e.t.TomcatWebServer - Tomcat initialized with port 8080 (http)
""2025-07-07 19:24:18 [INFO] o.a.c.h.Http11NioProtocol - Initializing ProtocolHandler ["http-nio-8080"]
""2025-07-07 19:24:18 [INFO] o.a.c.c.StandardService - Starting service [Tomcat]
""2025-07-07 19:24:18 [INFO] o.a.c.c.StandardEngine - Starting Servlet engine: [Apache Tomcat/10.1.20]
""2025-07-07 19:24:18 [INFO] o.a.c.c.C.[.[.[/] - Initializing Spring embedded WebApplicationContext
""2025-07-07 19:24:18 [INFO] o.s.b.w.s.c.ServletWebServerApplicationContext - Root WebApplicationContext: initialization completed in 1203 ms
""2025-07-07 19:24:18 [INFO] c.z.h.HikariDataSource - HikariPool-1 - Starting...
""2025-07-07 19:24:18 [INFO] c.z.h.p.HikariPool - HikariPool-1 - Added connection org.postgresql.jdbc.PgConnection@19b75b2b
""2025-07-07 19:24:18 [INFO] c.z.h.HikariDataSource - HikariPool-1 - Start completed.
""2025-07-07 19:24:18 [INFO] o.h.j.i.u.LogHelper - HHH000204: Processing PersistenceUnitInfo [name: default]
""2025-07-07 19:24:18 [INFO] o.h.Version - HHH000412: Hibernate ORM core version 6.4.4.Final
""2025-07-07 19:24:18 [INFO] o.h.c.i.RegionFactoryInitiator - HHH000026: Second-level cache disabled
""2025-07-07 19:24:18 [INFO] o.s.o.j.p.SpringPersistenceUnitInfo - No LoadTimeWeaver setup: ignoring JPA class transformer
""2025-07-07 19:24:19 [INFO] o.h.e.t.j.p.i.JtaPlatformInitiator - HHH000489: No JTA platform available (set 'hibernate.transaction.jta.platform' to enable JTA platform integration)
""2025-07-07 19:24:19 [INFO] o.s.o.j.LocalContainerEntityManagerFactoryBean - Initialized JPA EntityManagerFactory for persistence unit 'default'
""2025-07-07 19:24:19 [WARN] o.s.b.a.o.j.JpaBaseConfiguration$JpaWebConfiguration - spring.jpa.open-in-view is enabled by default. Therefore, database queries may be performed during view rendering. Explicitly configure spring.jpa.open-in-view to disable this warning
""2025-07-07 19:24:20 [INFO] o.s.s.w.DefaultSecurityFilterChain - Will secure any request with [org.springframework.security.web.session.DisableEncodeUrlFilter@59f5a376, org.springframework.security.web.context.request.async.WebAsyncManagerIntegrationFilter@19c6e821, org.springframework.security.web.context.SecurityContextHolderFilter@8929865, org.springframework.security.web.header.HeaderWriterFilter@1b949de4, org.springframework.web.filter.CorsFilter@1dfd3635, org.springframework.security.web.authentication.logout.LogoutFilter@2f16c21f, com.benjamin.Banking_app.Security.JwtAuthenticationFilter@47d4468a, org.springframework.security.web.savedrequest.RequestCacheAwareFilter@6d97a357, org.springframework.security.web.servletapi.SecurityContextHolderAwareRequestFilter@1e6cd1c, org.springframework.security.web.authentication.AnonymousAuthenticationFilter@e14559e, org.springframework.security.web.session.SessionManagementFilter@4b517357, org.springframework.security.web.access.ExceptionTranslationFilter@3da12ba4, org.springframework.security.web.access.intercept.AuthorizationFilter@f69e35a]
""2025-07-07 19:24:20 [INFO] o.a.c.h.Http11NioProtocol - Starting ProtocolHandler ["http-nio-8080"]
""2025-07-07 19:24:20 [INFO] o.s.b.w.e.t.TomcatWebServer - Tomcat started on port 8080 (http) with context path ''
""2025-07-07 19:24:20 [INFO] c.b.B.App - Started App in 3.921 seconds (process running for 4.386)
""2025-07-07 19:37:32 [WARN] c.z.h.p.HikariPool - HikariPool-1 - Thread starvation or clock leap detected (housekeeper delta=2m28s968ms).
""2025-07-07 20:15:33 [WARN] c.z.h.p.HikariPool - HikariPool-1 - Thread starvation or clock leap detected (housekeeper delta=38m1s625ms).
""2025-07-07 20:32:33 [WARN] c.z.h.p.HikariPool - HikariPool-1 - Retrograde clock change detected (housekeeper delta=29s674ms), soft-evicting connections from pool.
""2025-07-07 20:56:39 [INFO] o.s.o.j.LocalContainerEntityManagerFactoryBean - Closing JPA EntityManagerFactory for persistence unit 'default'
""2025-07-07 20:56:39 [INFO] c.z.h.HikariDataSource - HikariPool-1 - Shutdown initiated...
""2025-07-07 20:56:39 [INFO] c.z.h.HikariDataSource - HikariPool-1 - Shutdown completed.
"