"2026-02-18 13:28:56 [INFO] o.s.t.c.s.AnnotationConfigContextLoaderUtils - Could not detect default configuration classes for test class [com.benjamin.Banking_app.DirectDebit.DirectDebitRepoTest]: DirectDebitRepoTest does not declare any static, non-private, non-final, nested classes annotated with @Configuration.
""2026-02-18 13:28:57 [INFO] o.s.b.t.c.SpringBootTestContextBootstrapper - Found @SpringBootConfiguration com.benjamin.Banking_app.App for test class com.benjamin.Banking_app.DirectDebit.DirectDebitRepoTest
""2026-02-18 13:28:57 [INFO] o.h.v.i.u.Version - HV000001: Hibernate Validator 8.0.1.Final
""2026-02-18 13:28:57 [INFO] c.b.B.D.DirectDebitRepoTest - Starting DirectDebitRepoTest using Java 21 with PID 7181 (started by ben in /Users/ben/Desktop/b2/Banking_app)
""2026-02-18 13:28:57 [INFO] c.b.B.D.DirectDebitRepoTest - No active profile set, falling back to 1 default profile: "default"
""2026-02-18 13:28:57 [INFO] o.s.d.r.c.RepositoryConfigurationDelegate - Bootstrapping Spring Data JPA repositories in DEFAULT mode.
""2026-02-18 13:28:58 [INFO] o.s.d.r.c.RepositoryConfigurationDelegate - Finished Spring Data repository scanning in 63 ms. Found 5 JPA repository interfaces.
""2026-02-18 13:28:58 [INFO] o.s.b.t.a.j.TestDatabaseAutoConfiguration$EmbeddedDataSourceBeanFactoryPostProcessor - Replacing 'dataSource' DataSource bean with embedded version
""2026-02-18 13:28:58 [INFO] o.s.j.d.e.EmbeddedDatabaseFactory - Starting embedded database: url='jdbc:h2:mem:984d4d4c-1e58-49f6-a065-7b271a4fa449;DB_CLOSE_DELAY=-1;DB_CLOSE_ON_EXIT=false', username='sa'
""2026-02-18 13:28:58 [INFO] o.h.j.i.u.LogHelper - HHH000204: Processing PersistenceUnitInfo [name: default]
""2026-02-18 13:28:58 [INFO] o.h.Version - HHH000412: Hibernate ORM core version 6.4.4.Final
""2026-02-18 13:28:58 [INFO] o.h.c.i.RegionFactoryInitiator - HHH000026: Second-level cache disabled
""2026-02-18 13:28:58 [INFO] o.s.o.j.p.SpringPersistenceUnitInfo - No LoadTimeWeaver setup: ignoring JPA class transformer
""2026-02-18 13:29:00 [INFO] o.h.e.t.j.p.i.JtaPlatformInitiator - HHH000489: No JTA platform available (set 'hibernate.transaction.jta.platform' to enable JTA platform integration)
""2026-02-18 13:29:00 [INFO] o.s.o.j.LocalContainerEntityManagerFactoryBean - Initialized JPA EntityManagerFactory for persistence unit 'default'
""2026-02-18 13:29:01 [INFO] o.s.s.w.DefaultSecurityFilterChain - Will secure any request with [org.springframework.security.web.session.DisableEncodeUrlFilter@77430c79, org.springframework.security.web.context.request.async.WebAsyncManagerIntegrationFilter@506654fa, org.springframework.security.web.context.SecurityContextHolderFilter@195d4780, org.springframework.security.web.header.HeaderWriterFilter@4c231f62, org.springframework.web.filter.CorsFilter@4468ced2, org.springframework.security.web.authentication.logout.LogoutFilter@4e23ddf0, com.benjamin.Banking_app.Security.JwtAuthenticationFilter@7151dd9d, org.springframework.security.web.savedrequest.RequestCacheAwareFilter@36c5a4b7, org.springframework.security.web.servletapi.SecurityContextHolderAwareRequestFilter@1bb3e150, org.springframework.security.web.authentication.AnonymousAuthenticationFilter@21f421b8, org.springframework.security.web.session.SessionManagementFilter@2ee5fe1e, org.springframework.security.web.access.ExceptionTranslationFilter@5bb90b89, org.springframework.security.web.access.intercept.AuthorizationFilter@1a67bcaf]
""2026-02-18 13:29:01 [INFO] o.s.s.c.TaskSchedulerRouter - No TaskScheduler/ScheduledExecutorService bean found for scheduled processing
""2026-02-18 13:29:01 [INFO] c.b.B.D.DirectDebitRepoTest - Started DirectDebitRepoTest in 4.184 seconds (process running for 6.529)
""2026-02-18 13:29:02 [INFO] o.s.t.c.s.AnnotationConfigContextLoaderUtils - Could not detect default configuration classes for test class [com.benjamin.Banking_app.Security.UserIntegrationTest]: UserIntegrationTest does not declare any static, non-private, non-final, nested classes annotated with @Configuration.
""2026-02-18 13:29:02 [INFO] o.s.b.t.c.SpringBootTestContextBootstrapper - Found @SpringBootConfiguration com.benjamin.Banking_app.App for test class com.benjamin.Banking_app.Security.UserIntegrationTest
""2026-02-18 13:29:02 [INFO] c.b.B.S.UserIntegrationTest - Starting UserIntegrationTest using Java 21 with PID 7181 (started by ben in /Users/ben/Desktop/b2/Banking_app)
""2026-02-18 13:29:02 [INFO] c.b.B.S.UserIntegrationTest - The following 1 profile is active: "test"
""2026-02-18 13:29:02 [INFO] o.s.d.r.c.RepositoryConfigurationDelegate - Bootstrapping Spring Data JPA repositories in DEFAULT mode.
""2026-02-18 13:29:02 [INFO] o.s.d.r.c.RepositoryConfigurationDelegate - Finished Spring Data repository scanning in 10 ms. Found 5 JPA repository interfaces.
""2026-02-18 13:29:02 [INFO] o.s.b.w.e.t.TomcatWebServer - Tomcat initialized with port 0 (http)
""2026-02-18 13:29:02 [INFO] o.a.c.h.Http11NioProtocol - Initializing ProtocolHandler ["http-nio-auto-1"]
""2026-02-18 13:29:02 [INFO] o.a.c.c.StandardService - Starting service [Tomcat]
""2026-02-18 13:29:02 [INFO] o.a.c.c.StandardEngine - Starting Servlet engine: [Apache Tomcat/10.1.20]
""2026-02-18 13:29:02 [INFO] o.a.c.c.C.[.[.[/] - Initializing Spring embedded WebApplicationContext
""2026-02-18 13:29:02 [INFO] o.s.b.w.s.c.ServletWebServerApplicationContext - Root WebApplicationContext: initialization completed in 640 ms
""2026-02-18 13:29:03 [INFO] o.h.j.i.u.LogHelper - HHH000204: Processing PersistenceUnitInfo [name: default]
""2026-02-18 13:29:03 [INFO] o.h.c.i.RegionFactoryInitiator - HHH000026: Second-level cache disabled
""2026-02-18 13:29:03 [INFO] o.s.o.j.p.SpringPersistenceUnitInfo - No LoadTimeWeaver setup: ignoring JPA class transformer
""2026-02-18 13:29:03 [INFO] c.z.h.HikariDataSource - HikariPool-1 - Starting...
""2026-02-18 13:29:03 [INFO] c.z.h.p.HikariPool - HikariPool-1 - Added connection conn8: url=jdbc:h2:mem:testdb user=SA
""2026-02-18 13:29:03 [INFO] c.z.h.HikariDataSource - HikariPool-1 - Start completed.
""2026-02-18 13:29:03 [WARN] o.h.o.deprecation - HHH90000025: H2Dialect does not need to be specified explicitly using 'hibernate.dialect' (remove the property setting and it will be selected by default)
""2026-02-18 13:29:03 [INFO] o.h.e.t.j.p.i.JtaPlatformInitiator - HHH000489: No JTA platform available (set 'hibernate.transaction.jta.platform' to enable JTA platform integration)
""2026-02-18 13:29:03 [INFO] o.s.o.j.LocalContainerEntityManagerFactoryBean - Initialized JPA EntityManagerFactory for persistence unit 'default'
""2026-02-18 13:29:03 [WARN] o.s.b.a.o.j.JpaBaseConfiguration$JpaWebConfiguration - spring.jpa.open-in-view is enabled by default. Therefore, database queries may be performed during view rendering. Explicitly configure spring.jpa.open-in-view to disable this warning
""2026-02-18 13:29:03 [INFO] o.s.s.w.DefaultSecurityFilterChain - Will secure any request with [org.springframework.security.web.session.DisableEncodeUrlFilter@3464d24c, org.springframework.security.web.context.request.async.WebAsyncManagerIntegrationFilter@341f2f4c, org.springframework.security.web.context.SecurityContextHolderFilter@2e85cce1, org.springframework.security.web.header.HeaderWriterFilter@4346ed39, org.springframework.web.filter.CorsFilter@68754439, org.springframework.security.web.authentication.logout.LogoutFilter@9d7d83d, com.benjamin.Banking_app.Security.JwtAuthenticationFilter@793937ec, org.springframework.security.web.savedrequest.RequestCacheAwareFilter@5f45b3f8, org.springframework.security.web.servletapi.SecurityContextHolderAwareRequestFilter@2b9ea20c, org.springframework.security.web.authentication.AnonymousAuthenticationFilter@44bd11a2, org.springframework.security.web.session.SessionManagementFilter@28815100, org.springframework.security.web.access.ExceptionTranslationFilter@3be94b12, org.springframework.security.web.access.intercept.AuthorizationFilter@345f429]
""2026-02-18 13:29:03 [INFO] o.a.c.c.C.[.[.[/] - Initializing Spring TestDispatcherServlet ''
""2026-02-18 13:29:03 [INFO] o.s.t.w.s.TestDispatcherServlet - Initializing Servlet ''
""2026-02-18 13:29:03 [INFO] o.s.t.w.s.TestDispatcherServlet - Completed initialization in 1 ms
""2026-02-18 13:29:03 [INFO] o.a.c.h.Http11NioProtocol - Starting ProtocolHandler ["http-nio-auto-1"]
""2026-02-18 13:29:03 [INFO] o.s.b.w.e.t.TomcatWebServer - Tomcat started on port 49368 (http) with context path ''
""2026-02-18 13:29:04 [INFO] c.b.B.S.UserIntegrationTest - Started UserIntegrationTest in 1.7 seconds (process running for 9.187)
""2026-02-18 13:29:04 [INFO] c.b.B.S.AuthenticationService - user creation underway...
""2026-02-18 13:29:04 [INFO] c.b.B.S.AuthenticationService - user: john.doe@mail.com successfully registered
""2026-02-18 13:29:05 [INFO] c.b.B.S.AuthenticationService - User user@gmail.com logged in successfully
""2026-02-18 13:29:05 [INFO] c.b.B.S.AuthenticationService - user creation underway...
""2026-02-18 13:29:05 [WARN] c.b.B.S.AuthenticationService - attempt to register with duplicate email: john@mail.com
""2026-02-18 13:29:05 [INFO] c.b.B.S.AuthenticationService - User john@mail.com logged in successfully
""2026-02-18 13:29:05 [INFO] c.b.B.S.AuthenticationService - user creation underway...
""2026-02-18 13:29:05 [INFO] c.b.B.S.AuthenticationService - user: john@mail.com successfully registered
""2026-02-18 13:29:05 [INFO] o.s.t.c.s.AnnotationConfigContextLoaderUtils - Could not detect default configuration classes for test class [com.benjamin.Banking_app.Transactions.TransactionRepositoryTest]: TransactionRepositoryTest does not declare any static, non-private, non-final, nested classes annotated with @Configuration.
""2026-02-18 13:29:05 [INFO] o.s.b.t.c.SpringBootTestContextBootstrapper - Found @SpringBootConfiguration com.benjamin.Banking_app.App for test class com.benjamin.Banking_app.Transactions.TransactionRepositoryTest
""2026-02-18 13:29:05 [INFO] c.b.B.L.LoanServiceImpl - Loan application initiated for principal: 2000
""2026-02-18 13:29:05 [INFO] o.s.t.c.s.AnnotationConfigContextLoaderUtils - Could not detect default configuration classes for test class [com.benjamin.Banking_app.Security.UserControllerTest]: UserControllerTest does not declare any static, non-private, non-final, nested classes annotated with @Configuration.
""2026-02-18 13:29:05 [INFO] o.s.b.t.c.SpringBootTestContextBootstrapper - Found @SpringBootConfiguration com.benjamin.Banking_app.App for test class com.benjamin.Banking_app.Security.UserControllerTest
""2026-02-18 13:29:05 [INFO] c.b.B.S.UserControllerTest - Starting UserControllerTest using Java 21 with PID 7181 (started by ben in /Users/ben/Desktop/b2/Banking_app)
""2026-02-18 13:29:05 [INFO] c.b.B.S.UserControllerTest - No active profile set, falling back to 1 default profile: "default"
""2026-02-18 13:29:06 [INFO] o.s.s.w.DefaultSecurityFilterChain - Will secure any request with [org.springframework.security.web.session.DisableEncodeUrlFilter@11326597, org.springframework.security.web.context.request.async.WebAsyncManagerIntegrationFilter@3de6799f, org.springframework.security.web.context.SecurityContextHolderFilter@4798ff99, org.springframework.security.web.header.HeaderWriterFilter@1953197a, org.springframework.web.filter.CorsFilter@37a8202, org.springframework.security.web.authentication.logout.LogoutFilter@780d5822, com.benjamin.Banking_app.Security.JwtAuthenticationFilter@20e06a86, org.springframework.security.web.savedrequest.RequestCacheAwareFilter@437847dc, org.springframework.security.web.servletapi.SecurityContextHolderAwareRequestFilter@42e11e00, org.springframework.security.web.authentication.AnonymousAuthenticationFilter@67fe131c, org.springframework.security.web.session.SessionManagementFilter@30f1487d, org.springframework.security.web.access.ExceptionTranslationFilter@3ec75472, org.springframework.security.web.access.intercept.AuthorizationFilter@3ecf180]
""2026-02-18 13:29:06 [INFO] o.s.b.t.m.w.SpringBootMockServletContext - Initializing Spring TestDispatcherServlet ''
""2026-02-18 13:29:06 [INFO] o.s.t.w.s.TestDispatcherServlet - Initializing Servlet ''
""2026-02-18 13:29:06 [INFO] o.s.t.w.s.TestDispatcherServlet - Completed initialization in 1 ms
""2026-02-18 13:29:06 [INFO] c.b.B.S.UserControllerTest - Started UserControllerTest in 0.803 seconds (process running for 11.961)
""2026-02-18 13:29:07 [INFO] c.b.B.D.DirectDebitServiceImpl - Direct debit of €100.0 created and paid from user: fromuser@gmail.com to user: touser@gmail.com 
""2026-02-18 13:29:07 [INFO] o.s.t.c.s.AnnotationConfigContextLoaderUtils - Could not detect default configuration classes for test class [com.benjamin.Banking_app.Loans.LoanIntegrationTest]: LoanIntegrationTest does not declare any static, non-private, non-final, nested classes annotated with @Configuration.
""2026-02-18 13:29:07 [INFO] o.s.b.t.c.SpringBootTestContextBootstrapper - Found @SpringBootConfiguration com.benjamin.Banking_app.App for test class com.benjamin.Banking_app.Loans.LoanIntegrationTest
""2026-02-18 13:29:07 [INFO] c.b.B.L.LoanServiceImpl - returning all loans of user: testloan@mail.com
""2026-02-18 13:29:07 [INFO] c.b.B.L.LoanServiceImpl - returning a loan with id: 5 that belongs to: testloan@mail.com
""2026-02-18 13:29:07 [INFO] c.b.B.L.LoanServiceImpl - Loan application initiated for principal: 100
""2026-02-18 13:29:07 [INFO] c.b.B.T.TransactionServiceImpl - Transaction saved successfully. AccountId: 10, Type: DEPOSIT, Amount: 100
""2026-02-18 13:29:07 [INFO] c.b.B.T.TransactionServiceImpl - Transaction saved successfully. AccountId: 10, Type: LOAN_APPLICATION, Amount: 105.00
""2026-02-18 13:29:07 [INFO] c.b.B.T.TransactionServiceImpl - Transaction saved successfully. AccountId: 11, Type: LOAN_REPAYMENT, Amount: 1200
""2026-02-18 13:29:07 [INFO] o.s.t.c.s.AnnotationConfigContextLoaderUtils - Could not detect default configuration classes for test class [com.benjamin.Banking_app.DirectDebit.DirectDebitIntegrationTest]: DirectDebitIntegrationTest does not declare any static, non-private, non-final, nested classes annotated with @Configuration.
""2026-02-18 13:29:07 [INFO] o.s.b.t.c.SpringBootTestContextBootstrapper - Found @SpringBootConfiguration com.benjamin.Banking_app.App for test class com.benjamin.Banking_app.DirectDebit.DirectDebitIntegrationTest
""2026-02-18 13:29:07 [INFO] c.b.B.D.DirectDebitIntegrationTest - Starting DirectDebitIntegrationTest using Java 21 with PID 7181 (started by ben in /Users/ben/Desktop/b2/Banking_app)
""2026-02-18 13:29:07 [INFO] c.b.B.D.DirectDebitIntegrationTest - The following 1 profile is active: "test"
""2026-02-18 13:29:07 [INFO] o.s.d.r.c.RepositoryConfigurationDelegate - Bootstrapping Spring Data JPA repositories in DEFAULT mode.
""2026-02-18 13:29:07 [INFO] o.s.d.r.c.RepositoryConfigurationDelegate - Finished Spring Data repository scanning in 10 ms. Found 5 JPA repository interfaces.
""2026-02-18 13:29:07 [INFO] o.h.j.i.u.LogHelper - HHH000204: Processing PersistenceUnitInfo [name: default]
""2026-02-18 13:29:07 [INFO] o.h.c.i.RegionFactoryInitiator - HHH000026: Second-level cache disabled
""2026-02-18 13:29:07 [INFO] o.s.o.j.p.SpringPersistenceUnitInfo - No LoadTimeWeaver setup: ignoring JPA class transformer
""2026-02-18 13:29:07 [INFO] c.z.h.HikariDataSource - HikariPool-2 - Starting...
""2026-02-18 13:29:07 [INFO] c.z.h.p.HikariPool - HikariPool-2 - Added connection conn20: url=jdbc:h2:mem:testdb user=SA
""2026-02-18 13:29:07 [INFO] c.z.h.HikariDataSource - HikariPool-2 - Start completed.
""2026-02-18 13:29:07 [WARN] o.h.o.deprecation - HHH90000025: H2Dialect does not need to be specified explicitly using 'hibernate.dialect' (remove the property setting and it will be selected by default)
""2026-02-18 13:29:08 [INFO] o.h.e.t.j.p.i.JtaPlatformInitiator - HHH000489: No JTA platform available (set 'hibernate.transaction.jta.platform' to enable JTA platform integration)
""2026-02-18 13:29:08 [INFO] o.s.o.j.LocalContainerEntityManagerFactoryBean - Initialized JPA EntityManagerFactory for persistence unit 'default'
""2026-02-18 13:29:08 [WARN] o.s.b.a.o.j.JpaBaseConfiguration$JpaWebConfiguration - spring.jpa.open-in-view is enabled by default. Therefore, database queries may be performed during view rendering. Explicitly configure spring.jpa.open-in-view to disable this warning
""2026-02-18 13:29:08 [INFO] o.s.s.w.DefaultSecurityFilterChain - Will secure any request with [org.springframework.security.web.session.DisableEncodeUrlFilter@5234f6c5, org.springframework.security.web.context.request.async.WebAsyncManagerIntegrationFilter@50dffff3, org.springframework.security.web.context.SecurityContextHolderFilter@1335f1be, org.springframework.security.web.header.HeaderWriterFilter@77e11820, org.springframework.web.filter.CorsFilter@366558a2, org.springframework.security.web.authentication.logout.LogoutFilter@4d228131, com.benjamin.Banking_app.Security.JwtAuthenticationFilter@24473f80, org.springframework.security.web.savedrequest.RequestCacheAwareFilter@2fe12b04, org.springframework.security.web.servletapi.SecurityContextHolderAwareRequestFilter@50be06c0, org.springframework.security.web.authentication.AnonymousAuthenticationFilter@bb2c986, org.springframework.security.web.session.SessionManagementFilter@122673fe, org.springframework.security.web.access.ExceptionTranslationFilter@62ebd06c, org.springframework.security.web.access.intercept.AuthorizationFilter@b46d595]
""2026-02-18 13:29:08 [INFO] o.s.b.t.m.w.SpringBootMockServletContext - Initializing Spring TestDispatcherServlet ''
""2026-02-18 13:29:08 [INFO] o.s.t.w.s.TestDispatcherServlet - Initializing Servlet ''
""2026-02-18 13:29:08 [INFO] o.s.t.w.s.TestDispatcherServlet - Completed initialization in 0 ms
""2026-02-18 13:29:08 [INFO] c.b.B.D.DirectDebitIntegrationTest - Started DirectDebitIntegrationTest in 0.979 seconds (process running for 13.83)
""2026-02-18 13:29:08 [INFO] c.b.B.T.TransactionServiceImpl - Transaction saved successfully. AccountId: 9, Type: TRANSFER_OUT, Amount: 100.0
""2026-02-18 13:29:08 [INFO] c.b.B.T.TransactionServiceImpl - Transaction saved successfully. AccountId: 10, Type: TRANSFER_IN, Amount: 100.0
""2026-02-18 13:29:08 [INFO] c.b.B.D.DirectDebitServiceImpl - Direct debit of €100.0 created and paid from user: user1@gmail.com to user: user2@gmail.com 
""2026-02-18 13:29:08 [INFO] o.s.t.c.s.AnnotationConfigContextLoaderUtils - Could not detect default configuration classes for test class [com.benjamin.Banking_app.BankingAppApplicationTests]: BankingAppApplicationTests does not declare any static, non-private, non-final, nested classes annotated with @Configuration.
""2026-02-18 13:29:08 [INFO] o.s.b.t.c.SpringBootTestContextBootstrapper - Found @SpringBootConfiguration com.benjamin.Banking_app.App for test class com.benjamin.Banking_app.BankingAppApplicationTests
""2026-02-18 13:29:08 [INFO] c.b.B.BankingAppApplicationTests - Starting BankingAppApplicationTests using Java 21 with PID 7181 (started by ben in /Users/ben/Desktop/b2/Banking_app)
""2026-02-18 13:29:08 [INFO] c.b.B.BankingAppApplicationTests - The following 1 profile is active: "test"
""2026-02-18 13:29:09 [INFO] o.s.d.r.c.RepositoryConfigurationDelegate - Bootstrapping Spring Data JPA repositories in DEFAULT mode.
""2026-02-18 13:29:09 [INFO] o.s.d.r.c.RepositoryConfigurationDelegate - Finished Spring Data repository scanning in 11 ms. Found 5 JPA repository interfaces.
""2026-02-18 13:29:09 [INFO] o.h.j.i.u.LogHelper - HHH000204: Processing PersistenceUnitInfo [name: default]
""2026-02-18 13:29:09 [INFO] o.h.c.i.RegionFactoryInitiator - HHH000026: Second-level cache disabled
""2026-02-18 13:29:09 [INFO] o.s.o.j.p.SpringPersistenceUnitInfo - No LoadTimeWeaver setup: ignoring JPA class transformer
""2026-02-18 13:29:09 [INFO] c.z.h.HikariDataSource - HikariPool-3 - Starting...
""2026-02-18 13:29:09 [INFO] c.z.h.p.HikariPool - HikariPool-3 - Added connection conn30: url=jdbc:h2:mem:testdb user=SA
""2026-02-18 13:29:09 [INFO] c.z.h.HikariDataSource - HikariPool-3 - Start completed.
""2026-02-18 13:29:09 [WARN] o.h.o.deprecation - HHH90000025: H2Dialect does not need to be specified explicitly using 'hibernate.dialect' (remove the property setting and it will be selected by default)
""2026-02-18 13:29:09 [INFO] o.h.e.t.j.p.i.JtaPlatformInitiator - HHH000489: No JTA platform available (set 'hibernate.transaction.jta.platform' to enable JTA platform integration)
""2026-02-18 13:29:09 [INFO] o.s.o.j.LocalContainerEntityManagerFactoryBean - Initialized JPA EntityManagerFactory for persistence unit 'default'
""2026-02-18 13:29:09 [WARN] o.s.b.a.o.j.JpaBaseConfiguration$JpaWebConfiguration - spring.jpa.open-in-view is enabled by default. Therefore, database queries may be performed during view rendering. Explicitly configure spring.jpa.open-in-view to disable this warning
""2026-02-18 13:29:09 [INFO] o.s.s.w.DefaultSecurityFilterChain - Will secure any request with [org.springframework.security.web.session.DisableEncodeUrlFilter@726dcf2c, org.springframework.security.web.context.request.async.WebAsyncManagerIntegrationFilter@55bf52b9, org.springframework.security.web.context.SecurityContextHolderFilter@6873b44, org.springframework.security.web.header.HeaderWriterFilter@1212bd7a, org.springframework.web.filter.CorsFilter@12d9bd00, org.springframework.security.web.authentication.logout.LogoutFilter@2c4ce5a9, com.benjamin.Banking_app.Security.JwtAuthenticationFilter@f02ae3, org.springframework.security.web.savedrequest.RequestCacheAwareFilter@6269b9cf, org.springframework.security.web.servletapi.SecurityContextHolderAwareRequestFilter@65973195, org.springframework.security.web.authentication.AnonymousAuthenticationFilter@13bf5c4f, org.springframework.security.web.session.SessionManagementFilter@55947b77, org.springframework.security.web.access.ExceptionTranslationFilter@48c10d3, org.springframework.security.web.access.intercept.AuthorizationFilter@39471400]
""2026-02-18 13:29:09 [INFO] c.b.B.BankingAppApplicationTests - Started BankingAppApplicationTests in 0.869 seconds (process running for 15.031)
""2026-02-18 13:29:09 [INFO] o.s.t.c.s.AnnotationConfigContextLoaderUtils - Could not detect default configuration classes for test class [com.benjamin.Banking_app.Security.JWTServiceTest]: JWTServiceTest does not declare any static, non-private, non-final, nested classes annotated with @Configuration.
""2026-02-18 13:29:09 [INFO] o.s.b.t.c.SpringBootTestContextBootstrapper - Found @SpringBootConfiguration com.benjamin.Banking_app.App for test class com.benjamin.Banking_app.Security.JWTServiceTest
""2026-02-18 13:29:09 [INFO] o.s.t.c.s.AnnotationConfigContextLoaderUtils - Could not detect default configuration classes for test class [com.benjamin.Banking_app.Accounts.AccountIntegrationTest]: AccountIntegrationTest does not declare any static, non-private, non-final, nested classes annotated with @Configuration.
""2026-02-18 13:29:09 [INFO] o.s.b.t.c.SpringBootTestContextBootstrapper - Found @SpringBootConfiguration com.benjamin.Banking_app.App for test class com.benjamin.Banking_app.Accounts.AccountIntegrationTest
""2026-02-18 13:29:09 [INFO] c.b.B.T.TransactionServiceImpl - Transaction saved successfully. AccountId: 1, Type: WITHDRAW, Amount: 300.0
""2026-02-18 13:29:09 [INFO] c.b.B.T.TransactionServiceImpl - Transaction saved successfully. AccountId: 3, Type: DEPOSIT, Amount: 200.0
""2026-02-18 13:29:09 [INFO] c.b.B.T.TransactionServiceImpl - Transaction saved successfully. AccountId: 5, Type: TRANSFER_OUT, Amount: 400.0
""2026-02-18 13:29:09 [INFO] c.b.B.T.TransactionServiceImpl - Transaction saved successfully. AccountId: 6, Type: TRANSFER_IN, Amount: 400.0
""2026-02-18 13:29:09 [INFO] c.b.B.A.AccountServiceImpl -  searched account: com.benjamin.Banking_app.Accounts.Account@1371889a returned successfuly 
""2026-02-18 13:29:09 [INFO] o.s.t.c.s.AnnotationConfigContextLoaderUtils - Could not detect default configuration classes for test class [com.benjamin.Banking_app.Accounts.AccountRepositoryTests]: AccountRepositoryTests does not declare any static, non-private, non-final, nested classes annotated with @Configuration.
""2026-02-18 13:29:09 [INFO] o.s.b.t.c.SpringBootTestContextBootstrapper - Found @SpringBootConfiguration com.benjamin.Banking_app.App for test class com.benjamin.Banking_app.Accounts.AccountRepositoryTests
""2026-02-18 13:29:10 [INFO] c.b.B.A.AccountServiceImpl - john@example.com is retrieving all accounts ...
""2026-02-18 13:29:10 [INFO] c.b.B.A.AccountServiceImpl -  searched account: com.benjamin.Banking_app.Accounts.Account@4d6757ca returned successfuly 
""2026-02-18 13:29:10 [ERROR] c.b.B.T.TransactionServiceImpl - Failed to save transaction. AccountId: 1, Type: DEPOSIT, Amount: 300, Error: DB error
""2026-02-18 13:29:10 [INFO] c.b.B.T.TransactionServiceImpl - Returned 1 transactions history for account ID: 1
""2026-02-18 13:29:10 [INFO] c.b.B.T.TransactionServiceImpl - Transaction saved successfully. AccountId: 1, Type: DEPOSIT, Amount: 300
""2026-02-18 13:29:10 [INFO] o.s.t.c.s.AnnotationConfigContextLoaderUtils - Could not detect default configuration classes for test class [com.benjamin.Banking_app.Loans.LoanRepositoryTest]: LoanRepositoryTest does not declare any static, non-private, non-final, nested classes annotated with @Configuration.
""2026-02-18 13:29:10 [INFO] o.s.b.t.c.SpringBootTestContextBootstrapper - Found @SpringBootConfiguration com.benjamin.Banking_app.App for test class com.benjamin.Banking_app.Loans.LoanRepositoryTest
""2026-02-18 13:29:10 [INFO] c.b.B.L.LoanRepositoryTest - Starting LoanRepositoryTest using Java 21 with PID 7181 (started by ben in /Users/ben/Desktop/b2/Banking_app)
""2026-02-18 13:29:10 [INFO] c.b.B.L.LoanRepositoryTest - The following 1 profile is active: "test"
""2026-02-18 13:29:10 [INFO] o.s.d.r.c.RepositoryConfigurationDelegate - Bootstrapping Spring Data JPA repositories in DEFAULT mode.
""2026-02-18 13:29:10 [INFO] o.s.d.r.c.RepositoryConfigurationDelegate - Finished Spring Data repository scanning in 12 ms. Found 5 JPA repository interfaces.
""2026-02-18 13:29:10 [INFO] o.s.b.t.a.j.TestDatabaseAutoConfiguration$EmbeddedDataSourceBeanFactoryPostProcessor - Replacing 'dataSource' DataSource bean with embedded version
""2026-02-18 13:29:10 [INFO] o.s.j.d.e.EmbeddedDatabaseFactory - Starting embedded database: url='jdbc:h2:mem:b59b7c74-3a99-41a6-bf41-d5a872992a1c;DB_CLOSE_DELAY=-1;DB_CLOSE_ON_EXIT=false', username='sa'
""2026-02-18 13:29:10 [INFO] o.h.j.i.u.LogHelper - HHH000204: Processing PersistenceUnitInfo [name: default]
""2026-02-18 13:29:10 [INFO] o.h.c.i.RegionFactoryInitiator - HHH000026: Second-level cache disabled
""2026-02-18 13:29:10 [INFO] o.s.o.j.p.SpringPersistenceUnitInfo - No LoadTimeWeaver setup: ignoring JPA class transformer
""2026-02-18 13:29:10 [WARN] o.h.o.deprecation - HHH90000025: H2Dialect does not need to be specified explicitly using 'hibernate.dialect' (remove the property setting and it will be selected by default)
""2026-02-18 13:29:10 [INFO] o.h.e.t.j.p.i.JtaPlatformInitiator - HHH000489: No JTA platform available (set 'hibernate.transaction.jta.platform' to enable JTA platform integration)
""2026-02-18 13:29:10 [INFO] o.s.o.j.LocalContainerEntityManagerFactoryBean - Initialized JPA EntityManagerFactory for persistence unit 'default'
""2026-02-18 13:29:10 [INFO] o.s.s.w.DefaultSecurityFilterChain - Will secure any request with [org.springframework.security.web.session.DisableEncodeUrlFilter@649c7fef, org.springframework.security.web.context.request.async.WebAsyncManagerIntegrationFilter@2dda18fd, org.springframework.security.web.context.SecurityContextHolderFilter@1a74e65, org.springframework.security.web.header.HeaderWriterFilter@77a8f442, org.springframework.web.filter.CorsFilter@57618fcd, org.springframework.security.web.authentication.logout.LogoutFilter@4530e4a7, com.benjamin.Banking_app.Security.JwtAuthenticationFilter@10a2aa13, org.springframework.security.web.savedrequest.RequestCacheAwareFilter@4325a2e6, org.springframework.security.web.servletapi.SecurityContextHolderAwareRequestFilter@731f4424, org.springframework.security.web.authentication.AnonymousAuthenticationFilter@2c4386a6, org.springframework.security.web.session.SessionManagementFilter@7a3eee76, org.springframework.security.web.access.ExceptionTranslationFilter@4560e40b, org.springframework.security.web.access.intercept.AuthorizationFilter@26cba24d]
""2026-02-18 13:29:10 [INFO] o.s.s.c.TaskSchedulerRouter - No TaskScheduler/ScheduledExecutorService bean found for scheduled processing
""2026-02-18 13:29:10 [INFO] c.b.B.L.LoanRepositoryTest - Started LoanRepositoryTest in 0.531 seconds (process running for 16.012)
""2026-02-18 13:29:10 [INFO] o.s.o.j.LocalContainerEntityManagerFactoryBean - Closing JPA EntityManagerFactory for persistence unit 'default'
""2026-02-18 13:29:10 [INFO] o.s.o.j.LocalContainerEntityManagerFactoryBean - Closing JPA EntityManagerFactory for persistence unit 'default'
""2026-02-18 13:29:10 [INFO] c.z.h.HikariDataSource - HikariPool-1 - Shutdown initiated...
""2026-02-18 13:29:10 [INFO] c.z.h.HikariDataSource - HikariPool-1 - Shutdown completed.
""2026-02-18 13:29:10 [INFO] o.s.o.j.LocalContainerEntityManagerFactoryBean - Closing JPA EntityManagerFactory for persistence unit 'default'
""2026-02-18 13:29:10 [INFO] c.z.h.HikariDataSource - HikariPool-2 - Shutdown initiated...
""2026-02-18 13:29:10 [INFO] c.z.h.HikariDataSource - HikariPool-2 - Shutdown completed.
""2026-02-18 13:29:10 [INFO] o.s.o.j.LocalContainerEntityManagerFactoryBean - Closing JPA EntityManagerFactory for persistence unit 'default'
""2026-02-18 13:29:10 [INFO] c.z.h.HikariDataSource - HikariPool-3 - Shutdown initiated...
""2026-02-18 13:29:10 [INFO] c.z.h.HikariDataSource - HikariPool-3 - Shutdown completed.
""2026-02-18 13:29:10 [INFO] o.s.o.j.LocalContainerEntityManagerFactoryBean - Closing JPA EntityManagerFactory for persistence unit 'default'
""2026-02-18 18:46:30 [INFO] o.h.v.i.u.Version - HV000001: Hibernate Validator 8.0.1.Final
""2026-02-18 18:46:30 [INFO] c.b.B.App - Starting App using Java 21 with PID 31569 (/Users/ben/Desktop/b2/Banking_app/target/classes started by ben in /Users/ben/Desktop/b2/Banking_app)
""2026-02-18 18:46:30 [INFO] c.b.B.App - No active profile set, falling back to 1 default profile: "default"
""2026-02-18 18:46:31 [INFO] o.s.d.r.c.RepositoryConfigurationDelegate - Bootstrapping Spring Data JPA repositories in DEFAULT mode.
""2026-02-18 18:46:31 [INFO] o.s.d.r.c.RepositoryConfigurationDelegate - Finished Spring Data repository scanning in 44 ms. Found 5 JPA repository interfaces.
""2026-02-18 18:46:32 [INFO] o.s.b.w.e.t.TomcatWebServer - Tomcat initialized with port 8080 (http)
""2026-02-18 18:46:32 [INFO] o.a.c.h.Http11NioProtocol - Initializing ProtocolHandler ["http-nio-8080"]
""2026-02-18 18:46:32 [INFO] o.a.c.c.StandardService - Starting service [Tomcat]
""2026-02-18 18:46:32 [INFO] o.a.c.c.StandardEngine - Starting Servlet engine: [Apache Tomcat/10.1.20]
""2026-02-18 18:46:32 [INFO] o.a.c.c.C.[.[.[/] - Initializing Spring embedded WebApplicationContext
""2026-02-18 18:46:32 [INFO] o.s.b.w.s.c.ServletWebServerApplicationContext - Root WebApplicationContext: initialization completed in 1578 ms
""2026-02-18 18:46:32 [INFO] o.h.j.i.u.LogHelper - HHH000204: Processing PersistenceUnitInfo [name: default]
""2026-02-18 18:46:32 [INFO] o.h.Version - HHH000412: Hibernate ORM core version 6.4.4.Final
""2026-02-18 18:46:32 [INFO] o.h.c.i.RegionFactoryInitiator - HHH000026: Second-level cache disabled
""2026-02-18 18:46:32 [INFO] o.s.o.j.p.SpringPersistenceUnitInfo - No LoadTimeWeaver setup: ignoring JPA class transformer
""2026-02-18 18:46:32 [INFO] c.z.h.HikariDataSource - HikariPool-1 - Starting...
""2026-02-18 18:46:32 [WARN] o.h.e.j.e.i.JdbcEnvironmentInitiator - HHH000342: Could not obtain connection to query metadata
"java.lang.RuntimeException: Driver org.postgresql.Driver claims to not accept jdbcUrl, ${SPRING_DATASOURCE_URL}
	at com.zaxxer.hikari.util.DriverDataSource.<init>(DriverDataSource.java:110)
	at com.zaxxer.hikari.pool.PoolBase.initializeDataSource(PoolBase.java:326)
	at com.zaxxer.hikari.pool.PoolBase.<init>(PoolBase.java:112)
	at com.zaxxer.hikari.pool.HikariPool.<init>(HikariPool.java:93)
	at com.zaxxer.hikari.HikariDataSource.getConnection(HikariDataSource.java:112)
	at org.hibernate.engine.jdbc.connections.internal.DatasourceConnectionProviderImpl.getConnection(DatasourceConnectionProviderImpl.java:122)
	at org.hibernate.engine.jdbc.env.internal.JdbcEnvironmentInitiator$ConnectionProviderJdbcConnectionAccess.obtainConnection(JdbcEnvironmentInitiator.java:428)
	at org.hibernate.resource.transaction.backend.jdbc.internal.JdbcIsolationDelegate.delegateWork(JdbcIsolationDelegate.java:61)
	at org.hibernate.engine.jdbc.env.internal.JdbcEnvironmentInitiator.getJdbcEnvironmentUsingJdbcMetadata(JdbcEnvironmentInitiator.java:276)
	at org.hibernate.engine.jdbc.env.internal.JdbcEnvironmentInitiator.initiateService(JdbcEnvironmentInitiator.java:107)
	at org.hibernate.engine.jdbc.env.internal.JdbcEnvironmentInitiator.initiateService(JdbcEnvironmentInitiator.java:68)
	at org.hibernate.boot.registry.internal.StandardServiceRegistryImpl.initiateService(StandardServiceRegistryImpl.java:130)
	at org.hibernate.service.internal.AbstractServiceRegistryImpl.createService(AbstractServiceRegistryImpl.java:263)
	at org.hibernate.service.internal.AbstractServiceRegistryImpl.initializeService(AbstractServiceRegistryImpl.java:238)
	at org.hibernate.service.internal.AbstractServiceRegistryImpl.getService(AbstractServiceRegistryImpl.java:215)
	at org.hibernate.boot.model.relational.Database.<init>(Database.java:45)
	at org.hibernate.boot.internal.InFlightMetadataCollectorImpl.getDatabase(InFlightMetadataCollectorImpl.java:223)
	at org.hibernate.boot.internal.InFlightMetadataCollectorImpl.<init>(InFlightMetadataCollectorImpl.java:191)
	at org.hibernate.boot.model.process.spi.MetadataBuildingProcess.complete(MetadataBuildingProcess.java:170)
	at org.hibernate.jpa.boot.internal.EntityManagerFactoryBuilderImpl.metadata(EntityManagerFactoryBuilderImpl.java:1432)
	at org.hibernate.jpa.boot.internal.EntityManagerFactoryBuilderImpl.build(EntityManagerFactoryBuilderImpl.java:1503)
	at org.springframework.orm.jpa.vendor.SpringHibernateJpaPersistenceProvider.createContainerEntityManagerFactory(SpringHibernateJpaPersistenceProvider.java:75)
	at org.springframework.orm.jpa.LocalContainerEntityManagerFactoryBean.createNativeEntityManagerFactory(LocalContainerEntityManagerFactoryBean.java:390)
	at org.springframework.orm.jpa.AbstractEntityManagerFactoryBean.buildNativeEntityManagerFactory(AbstractEntityManagerFactoryBean.java:409)
	at org.springframework.orm.jpa.AbstractEntityManagerFactoryBean.afterPropertiesSet(AbstractEntityManagerFactoryBean.java:396)
	at org.springframework.orm.jpa.LocalContainerEntityManagerFactoryBean.afterPropertiesSet(LocalContainerEntityManagerFactoryBean.java:366)
	at org.springframework.beans.factory.support.AbstractAutowireCapableBeanFactory.invokeInitMethods(AbstractAutowireCapableBeanFactory.java:1833)
	at org.springframework.beans.factory.support.AbstractAutowireCapableBeanFactory.initializeBean(AbstractAutowireCapableBeanFactory.java:1782)
	at org.springframework.beans.factory.support.AbstractAutowireCapableBeanFactory.doCreateBean(AbstractAutowireCapableBeanFactory.java:600)
	at org.springframework.beans.factory.support.AbstractAutowireCapableBeanFactory.createBean(AbstractAutowireCapableBeanFactory.java:522)
	at org.springframework.beans.factory.support.AbstractBeanFactory.lambda$doGetBean$0(AbstractBeanFactory.java:326)
	at org.springframework.beans.factory.support.DefaultSingletonBeanRegistry.getSingleton(DefaultSingletonBeanRegistry.java:234)
	at org.springframework.beans.factory.support.AbstractBeanFactory.doGetBean(AbstractBeanFactory.java:324)
	at org.springframework.beans.factory.support.AbstractBeanFactory.getBean(AbstractBeanFactory.java:200)
	at org.springframework.beans.factory.support.BeanDefinitionValueResolver.resolveReference(BeanDefinitionValueResolver.java:365)
	at org.springframework.beans.factory.support.BeanDefinitionValueResolver.resolveValueIfNecessary(BeanDefinitionValueResolver.java:135)
	at org.springframework.beans.factory.support.ConstructorResolver.resolveConstructorArguments(ConstructorResolver.java:682)
	at org.springframework.beans.factory.support.ConstructorResolver.instantiateUsingFactoryMethod(ConstructorResolver.java:509)
	at org.springframework.beans.factory.support.AbstractAutowireCapableBeanFactory.instantiateUsingFactoryMethod(AbstractAutowireCapableBeanFactory.java:1335)
	at org.springframework.beans.factory.support.AbstractAutowireCapableBeanFactory.createBeanInstance(AbstractAutowireCapableBeanFactory.java:1165)
	at org.springframework.beans.factory.support.AbstractAutowireCapableBeanFactory.doCreateBean(AbstractAutowireCapableBeanFactory.java:562)
	at org.springframework.beans.factory.support.AbstractAutowireCapableBeanFactory.createBean(AbstractAutowireCapableBeanFactory.java:522)
	at org.springframework.beans.factory.support.AbstractBeanFactory.lambda$doGetBean$0(AbstractBeanFactory.java:326)
	at org.springframework.beans.factory.support.DefaultSingletonBeanRegistry.getSingleton(DefaultSingletonBeanRegistry.java:234)
	at org.springframework.beans.factory.support.AbstractBeanFactory.doGetBean(AbstractBeanFactory.java:324)
	at org.springframework.beans.factory.support.AbstractBeanFactory.getBean(AbstractBeanFactory.java:200)
	at org.springframework.beans.factory.support.BeanDefinitionValueResolver.resolveReference(BeanDefinitionValueResolver.java:365)
	at org.springframework.beans.factory.support.BeanDefinitionValueResolver.resolveValueIfNecessary(BeanDefinitionValueResolver.java:135)
	at org.springframework.beans.factory.support.AbstractAutowireCapableBeanFactory.applyPropertyValues(AbstractAutowireCapableBeanFactory.java:1685)
	at org.springframework.beans.factory.support.AbstractAutowireCapableBeanFactory.populateBean(AbstractAutowireCapableBeanFactory.java:1434)
	at org.springframework.beans.factory.support.AbstractAutowireCapableBeanFactory.doCreateBean(AbstractAutowireCapableBeanFactory.java:599)
	at org.springframework.beans.factory.support.AbstractAutowireCapableBeanFactory.createBean(AbstractAutowireCapableBeanFactory.java:522)
	at org.springframework.beans.factory.support.AbstractBeanFactory.lambda$doGetBean$0(AbstractBeanFactory.java:326)
	at org.springframework.beans.factory.support.DefaultSingletonBeanRegistry.getSingleton(DefaultSingletonBeanRegistry.java:234)
	at org.springframework.beans.factory.support.AbstractBeanFactory.doGetBean(AbstractBeanFactory.java:324)
	at org.springframework.beans.factory.support.AbstractBeanFactory.getBean(AbstractBeanFactory.java:200)
	at org.springframework.beans.factory.config.DependencyDescriptor.resolveCandidate(DependencyDescriptor.java:254)
	at org.springframework.beans.factory.support.DefaultListableBeanFactory.doResolveDependency(DefaultListableBeanFactory.java:1443)
	at org.springframework.beans.factory.support.DefaultListableBeanFactory.resolveDependency(DefaultListableBeanFactory.java:1353)
	at org.springframework.beans.factory.support.ConstructorResolver.resolveAutowiredArgument(ConstructorResolver.java:904)
	at org.springframework.beans.factory.support.ConstructorResolver.createArgumentArray(ConstructorResolver.java:782)
	at org.springframework.beans.factory.support.ConstructorResolver.autowireConstructor(ConstructorResolver.java:237)
	at org.springframework.beans.factory.support.AbstractAutowireCapableBeanFactory.autowireConstructor(AbstractAutowireCapableBeanFactory.java:1355)
	at org.springframework.beans.factory.support.AbstractAutowireCapableBeanFactory.createBeanInstance(AbstractAutowireCapableBeanFactory.java:1192)
	at org.springframework.beans.factory.support.AbstractAutowireCapableBeanFactory.doCreateBean(AbstractAutowireCapableBeanFactory.java:562)
	at org.springframework.beans.factory.support.AbstractAutowireCapableBeanFactory.createBean(AbstractAutowireCapableBeanFactory.java:522)
	at org.springframework.beans.factory.support.AbstractBeanFactory.lambda$doGetBean$0(AbstractBeanFactory.java:326)
	at org.springframework.beans.factory.support.DefaultSingletonBeanRegistry.getSingleton(DefaultSingletonBeanRegistry.java:234)
	at org.springframework.beans.factory.support.AbstractBeanFactory.doGetBean(AbstractBeanFactory.java:324)
	at org.springframework.beans.factory.support.AbstractBeanFactory.getBean(AbstractBeanFactory.java:200)
	at org.springframework.beans.factory.support.ConstructorResolver.instantiateUsingFactoryMethod(ConstructorResolver.java:409)
	at org.springframework.beans.factory.support.AbstractAutowireCapableBeanFactory.instantiateUsingFactoryMethod(AbstractAutowireCapableBeanFactory.java:1335)
	at org.springframework.beans.factory.support.AbstractAutowireCapableBeanFactory.createBeanInstance(AbstractAutowireCapableBeanFactory.java:1165)
	at org.springframework.beans.factory.support.AbstractAutowireCapableBeanFactory.doCreateBean(AbstractAutowireCapableBeanFactory.java:562)
	at org.springframework.beans.factory.support.AbstractAutowireCapableBeanFactory.createBean(AbstractAutowireCapableBeanFactory.java:522)
	at org.springframework.beans.factory.support.AbstractBeanFactory.lambda$doGetBean$0(AbstractBeanFactory.java:326)
	at org.springframework.beans.factory.support.DefaultSingletonBeanRegistry.getSingleton(DefaultSingletonBeanRegistry.java:234)
	at org.springframework.beans.factory.support.AbstractBeanFactory.doGetBean(AbstractBeanFactory.java:324)
	at org.springframework.beans.factory.support.AbstractBeanFactory.getBean(AbstractBeanFactory.java:200)
	at org.springframework.beans.factory.config.DependencyDescriptor.resolveCandidate(DependencyDescriptor.java:254)
	at org.springframework.beans.factory.support.DefaultListableBeanFactory.doResolveDependency(DefaultListableBeanFactory.java:1443)
	at org.springframework.beans.factory.support.DefaultListableBeanFactory.resolveDependency(DefaultListableBeanFactory.java:1353)
	at org.springframework.beans.factory.support.ConstructorResolver.resolveAutowiredArgument(ConstructorResolver.java:904)
	at org.springframework.beans.factory.support.ConstructorResolver.createArgumentArray(ConstructorResolver.java:782)
	at org.springframework.beans.factory.support.ConstructorResolver.autowireConstructor(ConstructorResolver.java:237)
	at org.springframework.beans.factory.support.AbstractAutowireCapableBeanFactory.autowireConstructor(AbstractAutowireCapableBeanFactory.java:1355)
	at org.springframework.beans.factory.support.AbstractAutowireCapableBeanFactory.createBeanInstance(AbstractAutowireCapableBeanFactory.java:1192)
	at org.springframework.beans.factory.support.AbstractAutowireCapableBeanFactory.doCreateBean(AbstractAutowireCapableBeanFactory.java:562)
	at org.springframework.beans.factory.support.AbstractAutowireCapableBeanFactory.createBean(AbstractAutowireCapableBeanFactory.java:522)
	at org.springframework.beans.factory.support.AbstractBeanFactory.lambda$doGetBean$0(AbstractBeanFactory.java:326)
	at org.springframework.beans.factory.support.DefaultSingletonBeanRegistry.getSingleton(DefaultSingletonBeanRegistry.java:234)
	at org.springframework.beans.factory.support.AbstractBeanFactory.doGetBean(AbstractBeanFactory.java:324)
	at org.springframework.beans.factory.support.AbstractBeanFactory.getBean(AbstractBeanFactory.java:205)
	at org.springframework.boot.web.servlet.ServletContextInitializerBeans.getOrderedBeansOfType(ServletContextInitializerBeans.java:210)
	at org.springframework.boot.web.servlet.ServletContextInitializerBeans.addAsRegistrationBean(ServletContextInitializerBeans.java:173)
	at org.springframework.boot.web.servlet.ServletContextInitializerBeans.addAsRegistrationBean(ServletContextInitializerBeans.java:168)
	at org.springframework.boot.web.servlet.ServletContextInitializerBeans.addAdaptableBeans(ServletContextInitializerBeans.java:153)
	at org.springframework.boot.web.servlet.ServletContextInitializerBeans.<init>(ServletContextInitializerBeans.java:86)
	at org.springframework.boot.web.servlet.context.ServletWebServerApplicationContext.getServletContextInitializerBeans(ServletWebServerApplicationContext.java:266)
	at org.springframework.boot.web.servlet.context.ServletWebServerApplicationContext.selfInitialize(ServletWebServerApplicationContext.java:240)
	at org.springframework.boot.web.embedded.tomcat.TomcatStarter.onStartup(TomcatStarter.java:52)
	at org.apache.catalina.core.StandardContext.startInternal(StandardContext.java:4880)
	at org.apache.catalina.util.LifecycleBase.start(LifecycleBase.java:171)
	at org.apache.catalina.core.ContainerBase$StartChild.call(ContainerBase.java:1332)
	at org.apache.catalina.core.ContainerBase$StartChild.call(ContainerBase.java:1322)
	at java.base/java.util.concurrent.FutureTask.run(FutureTask.java:317)
	at org.apache.tomcat.util.threads.InlineExecutorService.execute(InlineExecutorService.java:75)
	at java.base/java.util.concurrent.AbstractExecutorService.submit(AbstractExecutorService.java:145)
	at org.apache.catalina.core.ContainerBase.startInternal(ContainerBase.java:866)
	at org.apache.catalina.core.StandardHost.startInternal(StandardHost.java:845)
	at org.apache.catalina.util.LifecycleBase.start(LifecycleBase.java:171)
	at org.apache.catalina.core.ContainerBase$StartChild.call(ContainerBase.java:1332)
	at org.apache.catalina.core.ContainerBase$StartChild.call(ContainerBase.java:1322)
	at java.base/java.util.concurrent.FutureTask.run(FutureTask.java:317)
	at org.apache.tomcat.util.threads.InlineExecutorService.execute(InlineExecutorService.java:75)
	at java.base/java.util.concurrent.AbstractExecutorService.submit(AbstractExecutorService.java:145)
	at org.apache.catalina.core.ContainerBase.startInternal(ContainerBase.java:866)
	at org.apache.catalina.core.StandardEngine.startInternal(StandardEngine.java:240)
	at org.apache.catalina.util.LifecycleBase.start(LifecycleBase.java:171)
	at org.apache.catalina.core.StandardService.startInternal(StandardService.java:433)
	at org.apache.catalina.util.LifecycleBase.start(LifecycleBase.java:171)
	at org.apache.catalina.core.StandardServer.startInternal(StandardServer.java:921)
	at org.apache.catalina.util.LifecycleBase.start(LifecycleBase.java:171)
	at org.apache.catalina.startup.Tomcat.start(Tomcat.java:437)
	at org.springframework.boot.web.embedded.tomcat.TomcatWebServer.initialize(TomcatWebServer.java:126)
	at org.springframework.boot.web.embedded.tomcat.TomcatWebServer.<init>(TomcatWebServer.java:105)
	at org.springframework.boot.web.embedded.tomcat.TomcatServletWebServerFactory.getTomcatWebServer(TomcatServletWebServerFactory.java:499)
	at org.springframework.boot.web.embedded.tomcat.TomcatServletWebServerFactory.getWebServer(TomcatServletWebServerFactory.java:218)
	at org.springframework.boot.web.servlet.context.ServletWebServerApplicationContext.createWebServer(ServletWebServerApplicationContext.java:188)
	at org.springframework.boot.web.servlet.context.ServletWebServerApplicationContext.onRefresh(ServletWebServerApplicationContext.java:162)
	at org.springframework.context.support.AbstractApplicationContext.refresh(AbstractApplicationContext.java:618)
	at org.springframework.boot.web.servlet.context.ServletWebServerApplicationContext.refresh(ServletWebServerApplicationContext.java:146)
	at org.springframework.boot.SpringApplication.refresh(SpringApplication.java:754)
	at org.springframework.boot.SpringApplication.refreshContext(SpringApplication.java:456)
	at org.springframework.boot.SpringApplication.run(SpringApplication.java:334)
	at org.springframework.boot.SpringApplication.run(SpringApplication.java:1354)
	at org.springframework.boot.SpringApplication.run(SpringApplication.java:1343)
	at com.benjamin.Banking_app.App.main(App.java:13)
"2026-02-18 18:46:32 [WARN] o.h.o.deprecation - HHH90000025: PostgreSQLDialect does not need to be specified explicitly using 'hibernate.dialect' (remove the property setting and it will be selected by default)
""2026-02-18 18:46:33 [INFO] o.h.e.t.j.p.i.JtaPlatformInitiator - HHH000489: No JTA platform available (set 'hibernate.transaction.jta.platform' to enable JTA platform integration)
""2026-02-18 18:46:33 [INFO] c.z.h.HikariDataSource - HikariPool-1 - Starting...
""2026-02-18 18:46:33 [ERROR] o.s.o.j.LocalContainerEntityManagerFactoryBean - Failed to initialize JPA EntityManagerFactory: [PersistenceUnit: default] Unable to build Hibernate SessionFactory; nested exception is java.lang.RuntimeException: Driver org.postgresql.Driver claims to not accept jdbcUrl, ${SPRING_DATASOURCE_URL}
""2026-02-18 18:46:33 [ERROR] o.s.b.w.e.t.TomcatStarter - Error starting Tomcat context. Exception: org.springframework.beans.factory.UnsatisfiedDependencyException. Message: Error creating bean with name 'jwtAuthenticationFilter' defined in file [/Users/ben/Desktop/b2/Banking_app/target/classes/com/benjamin/Banking_app/Security/JwtAuthenticationFilter.class]: Unsatisfied dependency expressed through constructor parameter 1: Error creating bean with name 'applicationConfig' defined in file [/Users/ben/Desktop/b2/Banking_app/target/classes/com/benjamin/Banking_app/Security/ApplicationConfig.class]: Unsatisfied dependency expressed through constructor parameter 0: Error creating bean with name 'userRepository' defined in com.benjamin.Banking_app.Security.UserRepository defined in @EnableJpaRepositories declared on JpaRepositoriesRegistrar.EnableJpaRepositoriesConfiguration: Cannot resolve reference to bean 'jpaSharedEM_entityManagerFactory' while setting bean property 'entityManager'
""2026-02-18 18:46:33 [INFO] o.a.c.c.StandardService - Stopping service [Tomcat]
""2026-02-18 18:46:33 [WARN] o.s.b.w.s.c.AnnotationConfigServletWebServerApplicationContext - Exception encountered during context initialization - cancelling refresh attempt: org.springframework.context.ApplicationContextException: Unable to start web server
""2026-02-18 18:46:34 [INFO] o.s.b.a.l.ConditionEvaluationReportLogger - 

Error starting ApplicationContext. To display the condition evaluation report re-run your application with 'debug' enabled.
""2026-02-18 18:46:34 [ERROR] o.s.b.SpringApplication - Application run failed
"org.springframework.context.ApplicationContextException: Unable to start web server
	at org.springframework.boot.web.servlet.context.ServletWebServerApplicationContext.onRefresh(ServletWebServerApplicationContext.java:165)
	at org.springframework.context.support.AbstractApplicationContext.refresh(AbstractApplicationContext.java:618)
	at org.springframework.boot.web.servlet.context.ServletWebServerApplicationContext.refresh(ServletWebServerApplicationContext.java:146)
	at org.springframework.boot.SpringApplication.refresh(SpringApplication.java:754)
	at org.springframework.boot.SpringApplication.refreshContext(SpringApplication.java:456)
	at org.springframework.boot.SpringApplication.run(SpringApplication.java:334)
	at org.springframework.boot.SpringApplication.run(SpringApplication.java:1354)
	at org.springframework.boot.SpringApplication.run(SpringApplication.java:1343)
	at com.benjamin.Banking_app.App.main(App.java:13)
Caused by: org.springframework.boot.web.server.WebServerException: Unable to start embedded Tomcat
	at org.springframework.boot.web.embedded.tomcat.TomcatWebServer.initialize(TomcatWebServer.java:145)
	at org.springframework.boot.web.embedded.tomcat.TomcatWebServer.<init>(TomcatWebServer.java:105)
	at org.springframework.boot.web.embedded.tomcat.TomcatServletWebServerFactory.getTomcatWebServer(TomcatServletWebServerFactory.java:499)
	at org.springframework.boot.web.embedded.tomcat.TomcatServletWebServerFactory.getWebServer(TomcatServletWebServerFactory.java:218)
	at org.springframework.boot.web.servlet.context.ServletWebServerApplicationContext.createWebServer(ServletWebServerApplicationContext.java:188)
	at org.springframework.boot.web.servlet.context.ServletWebServerApplicationContext.onRefresh(ServletWebServerApplicationContext.java:162)
	... 8 common frames omitted
Caused by: org.springframework.beans.factory.UnsatisfiedDependencyException: Error creating bean with name 'jwtAuthenticationFilter' defined in file [/Users/ben/Desktop/b2/Banking_app/target/classes/com/benjamin/Banking_app/Security/JwtAuthenticationFilter.class]: Unsatisfied dependency expressed through constructor parameter 1: Error creating bean with name 'applicationConfig' defined in file [/Users/ben/Desktop/b2/Banking_app/target/classes/com/benjamin/Banking_app/Security/ApplicationConfig.class]: Unsatisfied dependency expressed through constructor parameter 0: Error creating bean with name 'userRepository' defined in com.benjamin.Banking_app.Security.UserRepository defined in @EnableJpaRepositories declared on JpaRepositoriesRegistrar.EnableJpaRepositoriesConfiguration: Cannot resolve reference to bean 'jpaSharedEM_entityManagerFactory' while setting bean property 'entityManager'
	at org.springframework.beans.factory.support.ConstructorResolver.createArgumentArray(ConstructorResolver.java:795)
	at org.springframework.beans.factory.support.ConstructorResolver.autowireConstructor(ConstructorResolver.java:237)
	at org.springframework.beans.factory.support.AbstractAutowireCapableBeanFactory.autowireConstructor(AbstractAutowireCapableBeanFactory.java:1355)
	at org.springframework.beans.factory.support.AbstractAutowireCapableBeanFactory.createBeanInstance(AbstractAutowireCapableBeanFactory.java:1192)
	at org.springframework.beans.factory.support.AbstractAutowireCapableBeanFactory.doCreateBean(AbstractAutowireCapableBeanFactory.java:562)
	at org.springframework.beans.factory.support.AbstractAutowireCapableBeanFactory.createBean(AbstractAutowireCapableBeanFactory.java:522)
	at org.springframework.beans.factory.support.AbstractBeanFactory.lambda$doGetBean$0(AbstractBeanFactory.java:326)
	at org.springframework.beans.factory.support.DefaultSingletonBeanRegistry.getSingleton(DefaultSingletonBeanRegistry.java:234)
	at org.springframework.beans.factory.support.AbstractBeanFactory.doGetBean(AbstractBeanFactory.java:324)
	at org.springframework.beans.factory.support.AbstractBeanFactory.getBean(AbstractBeanFactory.java:205)
	at org.springframework.boot.web.servlet.ServletContextInitializerBeans.getOrderedBeansOfType(ServletContextInitializerBeans.java:210)
	at org.springframework.boot.web.servlet.ServletContextInitializerBeans.addAsRegistrationBean(ServletContextInitializerBeans.java:173)
	at org.springframework.boot.web.servlet.ServletContextInitializerBeans.addAsRegistrationBean(ServletContextInitializerBeans.java:168)
	at org.springframework.boot.web.servlet.ServletContextInitializerBeans.addAdaptableBeans(ServletContextInitializerBeans.java:153)
	at org.springframework.boot.web.servlet.ServletContextInitializerBeans.<init>(ServletContextInitializerBeans.java:86)
	at org.springframework.boot.web.servlet.context.ServletWebServerApplicationContext.getServletContextInitializerBeans(ServletWebServerApplicationContext.java:266)
	at org.springframework.boot.web.servlet.context.ServletWebServerApplicationContext.selfInitialize(ServletWebServerApplicationContext.java:240)
	at org.springframework.boot.web.embedded.tomcat.TomcatStarter.onStartup(TomcatStarter.java:52)
	at org.apache.catalina.core.StandardContext.startInternal(StandardContext.java:4880)
	at org.apache.catalina.util.LifecycleBase.start(LifecycleBase.java:171)
	at org.apache.catalina.core.ContainerBase$StartChild.call(ContainerBase.java:1332)
	at org.apache.catalina.core.ContainerBase$StartChild.call(ContainerBase.java:1322)
	at java.base/java.util.concurrent.FutureTask.run(FutureTask.java:317)
	at org.apache.tomcat.util.threads.InlineExecutorService.execute(InlineExecutorService.java:75)
	at java.base/java.util.concurrent.AbstractExecutorService.submit(AbstractExecutorService.java:145)
	at org.apache.catalina.core.ContainerBase.startInternal(ContainerBase.java:866)
	at org.apache.catalina.core.StandardHost.startInternal(StandardHost.java:845)
	at org.apache.catalina.util.LifecycleBase.start(LifecycleBase.java:171)
	at org.apache.catalina.core.ContainerBase$StartChild.call(ContainerBase.java:1332)
	at org.apache.catalina.core.ContainerBase$StartChild.call(ContainerBase.java:1322)
	at java.base/java.util.concurrent.FutureTask.run(FutureTask.java:317)
	at org.apache.tomcat.util.threads.InlineExecutorService.execute(InlineExecutorService.java:75)
	at java.base/java.util.concurrent.AbstractExecutorService.submit(AbstractExecutorService.java:145)
	at org.apache.catalina.core.ContainerBase.startInternal(ContainerBase.java:866)
	at org.apache.catalina.core.StandardEngine.startInternal(StandardEngine.java:240)
	at org.apache.catalina.util.LifecycleBase.start(LifecycleBase.java:171)
	at org.apache.catalina.core.StandardService.startInternal(StandardService.java:433)
	at org.apache.catalina.util.LifecycleBase.start(LifecycleBase.java:171)
	at org.apache.catalina.core.StandardServer.startInternal(StandardServer.java:921)
	at org.apache.catalina.util.LifecycleBase.start(LifecycleBase.java:171)
	at org.apache.catalina.startup.Tomcat.start(Tomcat.java:437)
	at org.springframework.boot.web.embedded.tomcat.TomcatWebServer.initialize(TomcatWebServer.java:126)
	... 13 common frames omitted
Caused by: org.springframework.beans.factory.UnsatisfiedDependencyException: Error creating bean with name 'applicationConfig' defined in file [/Users/ben/Desktop/b2/Banking_app/target/classes/com/benjamin/Banking_app/Security/ApplicationConfig.class]: Unsatisfied dependency expressed through constructor parameter 0: Error creating bean with name 'userRepository' defined in com.benjamin.Banking_app.Security.UserRepository defined in @EnableJpaRepositories declared on JpaRepositoriesRegistrar.EnableJpaRepositoriesConfiguration: Cannot resolve reference to bean 'jpaSharedEM_entityManagerFactory' while setting bean property 'entityManager'
	at org.springframework.beans.factory.support.ConstructorResolver.createArgumentArray(ConstructorResolver.java:795)
	at org.springframework.beans.factory.support.ConstructorResolver.autowireConstructor(ConstructorResolver.java:237)
	at org.springframework.beans.factory.support.AbstractAutowireCapableBeanFactory.autowireConstructor(AbstractAutowireCapableBeanFactory.java:1355)
	at org.springframework.beans.factory.support.AbstractAutowireCapableBeanFactory.createBeanInstance(AbstractAutowireCapableBeanFactory.java:1192)
	at org.springframework.beans.factory.support.AbstractAutowireCapableBeanFactory.doCreateBean(AbstractAutowireCapableBeanFactory.java:562)
	at org.springframework.beans.factory.support.AbstractAutowireCapableBeanFactory.createBean(AbstractAutowireCapableBeanFactory.java:522)
	at org.springframework.beans.factory.support.AbstractBeanFactory.lambda$doGetBean$0(AbstractBeanFactory.java:326)
	at org.springframework.beans.factory.support.DefaultSingletonBeanRegistry.getSingleton(DefaultSingletonBeanRegistry.java:234)
	at org.springframework.beans.factory.support.AbstractBeanFactory.doGetBean(AbstractBeanFactory.java:324)
	at org.springframework.beans.factory.support.AbstractBeanFactory.getBean(AbstractBeanFactory.java:200)
	at org.springframework.beans.factory.support.ConstructorResolver.instantiateUsingFactoryMethod(ConstructorResolver.java:409)
	at org.springframework.beans.factory.support.AbstractAutowireCapableBeanFactory.instantiateUsingFactoryMethod(AbstractAutowireCapableBeanFactory.java:1335)
	at org.springframework.beans.factory.support.AbstractAutowireCapableBeanFactory.createBeanInstance(AbstractAutowireCapableBeanFactory.java:1165)
	at org.springframework.beans.factory.support.AbstractAutowireCapableBeanFactory.doCreateBean(AbstractAutowireCapableBeanFactory.java:562)
	at org.springframework.beans.factory.support.AbstractAutowireCapableBeanFactory.createBean(AbstractAutowireCapableBeanFactory.java:522)
	at org.springframework.beans.factory.support.AbstractBeanFactory.lambda$doGetBean$0(AbstractBeanFactory.java:326)
	at org.springframework.beans.factory.support.DefaultSingletonBeanRegistry.getSingleton(DefaultSingletonBeanRegistry.java:234)
	at org.springframework.beans.factory.support.AbstractBeanFactory.doGetBean(AbstractBeanFactory.java:324)
	at org.springframework.beans.factory.support.AbstractBeanFactory.getBean(AbstractBeanFactory.java:200)
	at org.springframework.beans.factory.config.DependencyDescriptor.resolveCandidate(DependencyDescriptor.java:254)
	at org.springframework.beans.factory.support.DefaultListableBeanFactory.doResolveDependency(DefaultListableBeanFactory.java:1443)
	at org.springframework.beans.factory.support.DefaultListableBeanFactory.resolveDependency(DefaultListableBeanFactory.java:1353)
	at org.springframework.beans.factory.support.ConstructorResolver.resolveAutowiredArgument(ConstructorResolver.java:904)
	at org.springframework.beans.factory.support.ConstructorResolver.createArgumentArray(ConstructorResolver.java:782)
	... 54 common frames omitted
Caused by: org.springframework.beans.factory.BeanCreationException: Error creating bean with name 'userRepository' defined in com.benjamin.Banking_app.Security.UserRepository defined in @EnableJpaRepositories declared on JpaRepositoriesRegistrar.EnableJpaRepositoriesConfiguration: Cannot resolve reference to bean 'jpaSharedEM_entityManagerFactory' while setting bean property 'entityManager'
	at org.springframework.beans.factory.support.BeanDefinitionValueResolver.resolveReference(BeanDefinitionValueResolver.java:377)
	at org.springframework.beans.factory.support.BeanDefinitionValueResolver.resolveValueIfNecessary(BeanDefinitionValueResolver.java:135)
	at org.springframework.beans.factory.support.AbstractAutowireCapableBeanFactory.applyPropertyValues(AbstractAutowireCapableBeanFactory.java:1685)
	at org.springframework.beans.factory.support.AbstractAutowireCapableBeanFactory.populateBean(AbstractAutowireCapableBeanFactory.java:1434)
	at org.springframework.beans.factory.support.AbstractAutowireCapableBeanFactory.doCreateBean(AbstractAutowireCapableBeanFactory.java:599)
	at org.springframework.beans.factory.support.AbstractAutowireCapableBeanFactory.createBean(AbstractAutowireCapableBeanFactory.java:522)
	at org.springframework.beans.factory.support.AbstractBeanFactory.lambda$doGetBean$0(AbstractBeanFactory.java:326)
	at org.springframework.beans.factory.support.DefaultSingletonBeanRegistry.getSingleton(DefaultSingletonBeanRegistry.java:234)
	at org.springframework.beans.factory.support.AbstractBeanFactory.doGetBean(AbstractBeanFactory.java:324)
	at org.springframework.beans.factory.support.AbstractBeanFactory.getBean(AbstractBeanFactory.java:200)
	at org.springframework.beans.factory.config.DependencyDescriptor.resolveCandidate(DependencyDescriptor.java:254)
	at org.springframework.beans.factory.support.DefaultListableBeanFactory.doResolveDependency(DefaultListableBeanFactory.java:1443)
	at org.springframework.beans.factory.support.DefaultListableBeanFactory.resolveDependency(DefaultListableBeanFactory.java:1353)
	at org.springframework.beans.factory.support.ConstructorResolver.resolveAutowiredArgument(ConstructorResolver.java:904)
	at org.springframework.beans.factory.support.ConstructorResolver.createArgumentArray(ConstructorResolver.java:782)
	... 77 common frames omitted
Caused by: org.springframework.beans.factory.BeanCreationException: Error creating bean with name 'jpaSharedEM_entityManagerFactory': Cannot resolve reference to bean 'entityManagerFactory' while setting constructor argument
	at org.springframework.beans.factory.support.BeanDefinitionValueResolver.resolveReference(BeanDefinitionValueResolver.java:377)
	at org.springframework.beans.factory.support.BeanDefinitionValueResolver.resolveValueIfNecessary(BeanDefinitionValueResolver.java:135)
	at org.springframework.beans.factory.support.ConstructorResolver.resolveConstructorArguments(ConstructorResolver.java:682)
	at org.springframework.beans.factory.support.ConstructorResolver.instantiateUsingFactoryMethod(ConstructorResolver.java:509)
	at org.springframework.beans.factory.support.AbstractAutowireCapableBeanFactory.instantiateUsingFactoryMethod(AbstractAutowireCapableBeanFactory.java:1335)
	at org.springframework.beans.factory.support.AbstractAutowireCapableBeanFactory.createBeanInstance(AbstractAutowireCapableBeanFactory.java:1165)
	at org.springframework.beans.factory.support.AbstractAutowireCapableBeanFactory.doCreateBean(AbstractAutowireCapableBeanFactory.java:562)
	at org.springframework.beans.factory.support.AbstractAutowireCapableBeanFactory.createBean(AbstractAutowireCapableBeanFactory.java:522)
	at org.springframework.beans.factory.support.AbstractBeanFactory.lambda$doGetBean$0(AbstractBeanFactory.java:326)
	at org.springframework.beans.factory.support.DefaultSingletonBeanRegistry.getSingleton(DefaultSingletonBeanRegistry.java:234)
	at org.springframework.beans.factory.support.AbstractBeanFactory.doGetBean(AbstractBeanFactory.java:324)
	at org.springframework.beans.factory.support.AbstractBeanFactory.getBean(AbstractBeanFactory.java:200)
	at org.springframework.beans.factory.support.BeanDefinitionValueResolver.resolveReference(BeanDefinitionValueResolver.java:365)
	... 91 common frames omitted
Caused by: org.springframework.beans.factory.BeanCreationException: Error creating bean with name 'entityManagerFactory' defined in class path resource [org/springframework/boot/autoconfigure/orm/jpa/HibernateJpaConfiguration.class]: [PersistenceUnit: default] Unable to build Hibernate SessionFactory; nested exception is java.lang.RuntimeException: Driver org.postgresql.Driver claims to not accept jdbcUrl, ${SPRING_DATASOURCE_URL}
	at org.springframework.beans.factory.support.AbstractAutowireCapableBeanFactory.initializeBean(AbstractAutowireCapableBeanFactory.java:1786)
	at org.springframework.beans.factory.support.AbstractAutowireCapableBeanFactory.doCreateBean(AbstractAutowireCapableBeanFactory.java:600)
	at org.springframework.beans.factory.support.AbstractAutowireCapableBeanFactory.createBean(AbstractAutowireCapableBeanFactory.java:522)
	at org.springframework.beans.factory.support.AbstractBeanFactory.lambda$doGetBean$0(AbstractBeanFactory.java:326)
	at org.springframework.beans.factory.support.DefaultSingletonBeanRegistry.getSingleton(DefaultSingletonBeanRegistry.java:234)
	at org.springframework.beans.factory.support.AbstractBeanFactory.doGetBean(AbstractBeanFactory.java:324)
	at org.springframework.beans.factory.support.AbstractBeanFactory.getBean(AbstractBeanFactory.java:200)
	at org.springframework.beans.factory.support.BeanDefinitionValueResolver.resolveReference(BeanDefinitionValueResolver.java:365)
	... 103 common frames omitted
Caused by: jakarta.persistence.PersistenceException: [PersistenceUnit: default] Unable to build Hibernate SessionFactory; nested exception is java.lang.RuntimeException: Driver org.postgresql.Driver claims to not accept jdbcUrl, ${SPRING_DATASOURCE_URL}
	at org.springframework.orm.jpa.AbstractEntityManagerFactoryBean.buildNativeEntityManagerFactory(AbstractEntityManagerFactoryBean.java:421)
	at org.springframework.orm.jpa.AbstractEntityManagerFactoryBean.afterPropertiesSet(AbstractEntityManagerFactoryBean.java:396)
	at org.springframework.orm.jpa.LocalContainerEntityManagerFactoryBean.afterPropertiesSet(LocalContainerEntityManagerFactoryBean.java:366)
	at org.springframework.beans.factory.support.AbstractAutowireCapableBeanFactory.invokeInitMethods(AbstractAutowireCapableBeanFactory.java:1833)
	at org.springframework.beans.factory.support.AbstractAutowireCapableBeanFactory.initializeBean(AbstractAutowireCapableBeanFactory.java:1782)
	... 110 common frames omitted
Caused by: java.lang.RuntimeException: Driver org.postgresql.Driver claims to not accept jdbcUrl, ${SPRING_DATASOURCE_URL}
	at com.zaxxer.hikari.util.DriverDataSource.<init>(DriverDataSource.java:110)
	at com.zaxxer.hikari.pool.PoolBase.initializeDataSource(PoolBase.java:326)
	at com.zaxxer.hikari.pool.PoolBase.<init>(PoolBase.java:112)
	at com.zaxxer.hikari.pool.HikariPool.<init>(HikariPool.java:93)
	at com.zaxxer.hikari.HikariDataSource.getConnection(HikariDataSource.java:112)
	at org.hibernate.engine.jdbc.connections.internal.DatasourceConnectionProviderImpl.getConnection(DatasourceConnectionProviderImpl.java:122)
	at org.hibernate.engine.jdbc.env.internal.JdbcEnvironmentInitiator$ConnectionProviderJdbcConnectionAccess.obtainConnection(JdbcEnvironmentInitiator.java:428)
	at org.hibernate.resource.transaction.backend.jdbc.internal.DdlTransactionIsolatorNonJtaImpl.getIsolatedConnection(DdlTransactionIsolatorNonJtaImpl.java:46)
	at org.hibernate.resource.transaction.backend.jdbc.internal.DdlTransactionIsolatorNonJtaImpl.getIsolatedConnection(DdlTransactionIsolatorNonJtaImpl.java:39)
	at org.hibernate.tool.schema.internal.exec.ImprovedExtractionContextImpl.getJdbcConnection(ImprovedExtractionContextImpl.java:63)
	at org.hibernate.tool.schema.extract.spi.ExtractionContext.getQueryResults(ExtractionContext.java:43)
	at org.hibernate.tool.schema.extract.internal.SequenceInformationExtractorLegacyImpl.extractMetadata(SequenceInformationExtractorLegacyImpl.java:39)
	at org.hibernate.tool.schema.extract.internal.DatabaseInformationImpl.initializeSequences(DatabaseInformationImpl.java:66)
	at org.hibernate.tool.schema.extract.internal.DatabaseInformationImpl.<init>(DatabaseInformationImpl.java:60)
	at org.hibernate.tool.schema.internal.Helper.buildDatabaseInformation(Helper.java:185)
	at org.hibernate.tool.schema.internal.AbstractSchemaMigrator.doMigration(AbstractSchemaMigrator.java:98)
	at org.hibernate.tool.schema.spi.SchemaManagementToolCoordinator.performDatabaseAction(SchemaManagementToolCoordinator.java:286)
	at org.hibernate.tool.schema.spi.SchemaManagementToolCoordinator.lambda$process$5(SchemaManagementToolCoordinator.java:145)
	at java.base/java.util.HashMap.forEach(HashMap.java:1429)
	at org.hibernate.tool.schema.spi.SchemaManagementToolCoordinator.process(SchemaManagementToolCoordinator.java:142)
	at org.hibernate.boot.internal.SessionFactoryObserverForSchemaExport.sessionFactoryCreated(SessionFactoryObserverForSchemaExport.java:37)
	at org.hibernate.internal.SessionFactoryObserverChain.sessionFactoryCreated(SessionFactoryObserverChain.java:35)
	at org.hibernate.internal.SessionFactoryImpl.<init>(SessionFactoryImpl.java:315)
	at org.hibernate.boot.internal.SessionFactoryBuilderImpl.build(SessionFactoryBuilderImpl.java:450)
	at org.hibernate.jpa.boot.internal.EntityManagerFactoryBuilderImpl.build(EntityManagerFactoryBuilderImpl.java:1507)
	at org.springframework.orm.jpa.vendor.SpringHibernateJpaPersistenceProvider.createContainerEntityManagerFactory(SpringHibernateJpaPersistenceProvider.java:75)
	at org.springframework.orm.jpa.LocalContainerEntityManagerFactoryBean.createNativeEntityManagerFactory(LocalContainerEntityManagerFactoryBean.java:390)
	at org.springframework.orm.jpa.AbstractEntityManagerFactoryBean.buildNativeEntityManagerFactory(AbstractEntityManagerFactoryBean.java:409)
	... 114 common frames omitted
"2026-02-18 18:47:22 [INFO] o.h.v.i.u.Version - HV000001: Hibernate Validator 8.0.1.Final
""2026-02-18 18:47:22 [INFO] c.b.B.App - Starting App using Java 21 with PID 31940 (/Users/ben/Desktop/b2/Banking_app/target/classes started by ben in /Users/ben/Desktop/b2/Banking_app)
""2026-02-18 18:47:22 [INFO] c.b.B.App - No active profile set, falling back to 1 default profile: "default"
""2026-02-18 18:47:22 [INFO] o.s.d.r.c.RepositoryConfigurationDelegate - Bootstrapping Spring Data JPA repositories in DEFAULT mode.
""2026-02-18 18:47:23 [INFO] o.s.d.r.c.RepositoryConfigurationDelegate - Finished Spring Data repository scanning in 46 ms. Found 5 JPA repository interfaces.
""2026-02-18 18:47:23 [INFO] o.s.b.w.e.t.TomcatWebServer - Tomcat initialized with port 8080 (http)
""2026-02-18 18:47:23 [INFO] o.a.c.h.Http11NioProtocol - Initializing ProtocolHandler ["http-nio-8080"]
""2026-02-18 18:47:23 [INFO] o.a.c.c.StandardService - Starting service [Tomcat]
""2026-02-18 18:47:23 [INFO] o.a.c.c.StandardEngine - Starting Servlet engine: [Apache Tomcat/10.1.20]
""2026-02-18 18:47:23 [INFO] o.a.c.c.C.[.[.[/] - Initializing Spring embedded WebApplicationContext
""2026-02-18 18:47:23 [INFO] o.s.b.w.s.c.ServletWebServerApplicationContext - Root WebApplicationContext: initialization completed in 1202 ms
""2026-02-18 18:47:23 [INFO] o.h.j.i.u.LogHelper - HHH000204: Processing PersistenceUnitInfo [name: default]
""2026-02-18 18:47:23 [INFO] o.h.Version - HHH000412: Hibernate ORM core version 6.4.4.Final
""2026-02-18 18:47:23 [INFO] o.h.c.i.RegionFactoryInitiator - HHH000026: Second-level cache disabled
""2026-02-18 18:47:23 [INFO] o.s.o.j.p.SpringPersistenceUnitInfo - No LoadTimeWeaver setup: ignoring JPA class transformer
""2026-02-18 18:47:23 [INFO] c.z.h.HikariDataSource - HikariPool-1 - Starting...
""2026-02-18 18:47:24 [INFO] c.z.h.p.HikariPool - HikariPool-1 - Added connection org.postgresql.jdbc.PgConnection@3562e7c7
""2026-02-18 18:47:24 [INFO] c.z.h.HikariDataSource - HikariPool-1 - Start completed.
""2026-02-18 18:47:24 [INFO] o.h.e.t.j.p.i.JtaPlatformInitiator - HHH000489: No JTA platform available (set 'hibernate.transaction.jta.platform' to enable JTA platform integration)
""2026-02-18 18:47:24 [INFO] o.s.o.j.LocalContainerEntityManagerFactoryBean - Initialized JPA EntityManagerFactory for persistence unit 'default'
""2026-02-18 18:47:25 [WARN] o.s.b.a.o.j.JpaBaseConfiguration$JpaWebConfiguration - spring.jpa.open-in-view is enabled by default. Therefore, database queries may be performed during view rendering. Explicitly configure spring.jpa.open-in-view to disable this warning
""2026-02-18 18:47:25 [INFO] o.s.s.w.DefaultSecurityFilterChain - Will secure any request with [org.springframework.security.web.session.DisableEncodeUrlFilter@602d5417, org.springframework.security.web.context.request.async.WebAsyncManagerIntegrationFilter@75128cf, org.springframework.security.web.context.SecurityContextHolderFilter@1ec96512, org.springframework.security.web.header.HeaderWriterFilter@73bb782d, org.springframework.web.filter.CorsFilter@33ccab9c, org.springframework.security.web.authentication.logout.LogoutFilter@4b19ee18, com.benjamin.Banking_app.Security.JwtAuthenticationFilter@24f77077, org.springframework.security.web.savedrequest.RequestCacheAwareFilter@665574fb, org.springframework.security.web.servletapi.SecurityContextHolderAwareRequestFilter@3eb7ff78, org.springframework.security.web.authentication.AnonymousAuthenticationFilter@668ea404, org.springframework.security.web.session.SessionManagementFilter@5b5f06bb, org.springframework.security.web.access.ExceptionTranslationFilter@63075ad1, org.springframework.security.web.access.intercept.AuthorizationFilter@71c2cb26]
""2026-02-18 18:47:26 [INFO] o.a.c.h.Http11NioProtocol - Starting ProtocolHandler ["http-nio-8080"]
""2026-02-18 18:47:26 [INFO] o.s.b.w.e.t.TomcatWebServer - Tomcat started on port 8080 (http) with context path ''
""2026-02-18 18:47:26 [INFO] c.b.B.App - Started App in 4.236 seconds (process running for 4.868)
""2026-02-18 18:47:43 [INFO] o.a.c.c.C.[.[.[/] - Initializing Spring DispatcherServlet 'dispatcherServlet'
""2026-02-18 18:47:43 [INFO] o.s.w.s.DispatcherServlet - Initializing Servlet 'dispatcherServlet'
""2026-02-18 18:47:43 [INFO] o.s.w.s.DispatcherServlet - Completed initialization in 4 ms
""2026-02-18 18:48:22 [INFO] c.b.B.S.AuthenticationService - User user5user5@gmail.com logged in successfully
""2026-02-18 18:48:31 [INFO] c.b.B.L.LoanServiceImpl - returning all loans of user: user5user5@gmail.com
""2026-02-18 18:48:33 [INFO] c.b.B.T.TransactionServiceImpl - Returned 10 transactions history for account ID: 294
""2026-02-18 18:48:39 [INFO] o.s.o.j.LocalContainerEntityManagerFactoryBean - Closing JPA EntityManagerFactory for persistence unit 'default'
""2026-02-18 18:48:39 [INFO] c.z.h.HikariDataSource - HikariPool-1 - Shutdown initiated...
""2026-02-18 18:48:39 [INFO] c.z.h.HikariDataSource - HikariPool-1 - Shutdown completed.
""2026-02-18 23:52:19 [INFO] o.h.v.i.u.Version - HV000001: Hibernate Validator 8.0.1.Final
""2026-02-18 23:52:19 [INFO] c.b.B.App - Starting App using Java 21 with PID 72406 (/Users/ben/Desktop/b2/Banking_app/target/classes started by ben in /Users/ben/Desktop/b2/Banking_app)
""2026-02-18 23:52:19 [INFO] c.b.B.App - No active profile set, falling back to 1 default profile: "default"
""2026-02-18 23:52:20 [INFO] o.s.d.r.c.RepositoryConfigurationDelegate - Bootstrapping Spring Data JPA repositories in DEFAULT mode.
""2026-02-18 23:52:20 [INFO] o.s.d.r.c.RepositoryConfigurationDelegate - Finished Spring Data repository scanning in 50 ms. Found 5 JPA repository interfaces.
""2026-02-18 23:52:20 [INFO] o.s.b.w.e.t.TomcatWebServer - Tomcat initialized with port 8080 (http)
""2026-02-18 23:52:20 [INFO] o.a.c.h.Http11NioProtocol - Initializing ProtocolHandler ["http-nio-8080"]
""2026-02-18 23:52:20 [INFO] o.a.c.c.StandardService - Starting service [Tomcat]
""2026-02-18 23:52:20 [INFO] o.a.c.c.StandardEngine - Starting Servlet engine: [Apache Tomcat/10.1.20]
""2026-02-18 23:52:20 [INFO] o.a.c.c.C.[.[.[/] - Initializing Spring embedded WebApplicationContext
""2026-02-18 23:52:20 [INFO] o.s.b.w.s.c.ServletWebServerApplicationContext - Root WebApplicationContext: initialization completed in 1404 ms
""2026-02-18 23:52:20 [INFO] o.h.j.i.u.LogHelper - HHH000204: Processing PersistenceUnitInfo [name: default]
""2026-02-18 23:52:20 [INFO] o.h.Version - HHH000412: Hibernate ORM core version 6.4.4.Final
""2026-02-18 23:52:20 [INFO] o.h.c.i.RegionFactoryInitiator - HHH000026: Second-level cache disabled
""2026-02-18 23:52:21 [INFO] o.s.o.j.p.SpringPersistenceUnitInfo - No LoadTimeWeaver setup: ignoring JPA class transformer
""2026-02-18 23:52:21 [INFO] c.z.h.HikariDataSource - HikariPool-1 - Starting...
""2026-02-18 23:52:21 [INFO] c.z.h.p.HikariPool - HikariPool-1 - Added connection org.postgresql.jdbc.PgConnection@22aee519
""2026-02-18 23:52:21 [INFO] c.z.h.HikariDataSource - HikariPool-1 - Start completed.
""2026-02-18 23:52:22 [INFO] o.h.e.t.j.p.i.JtaPlatformInitiator - HHH000489: No JTA platform available (set 'hibernate.transaction.jta.platform' to enable JTA platform integration)
""2026-02-18 23:52:22 [INFO] o.s.o.j.LocalContainerEntityManagerFactoryBean - Initialized JPA EntityManagerFactory for persistence unit 'default'
""2026-02-18 23:52:23 [WARN] o.s.b.a.o.j.JpaBaseConfiguration$JpaWebConfiguration - spring.jpa.open-in-view is enabled by default. Therefore, database queries may be performed during view rendering. Explicitly configure spring.jpa.open-in-view to disable this warning
""2026-02-18 23:52:23 [INFO] o.s.s.w.DefaultSecurityFilterChain - Will secure any request with [org.springframework.security.web.session.DisableEncodeUrlFilter@7e092ca, org.springframework.security.web.context.request.async.WebAsyncManagerIntegrationFilter@7ae97a58, org.springframework.security.web.context.SecurityContextHolderFilter@3119fcad, org.springframework.security.web.header.HeaderWriterFilter@7c74ef4a, org.springframework.web.filter.CorsFilter@6a4f15bc, org.springframework.security.web.authentication.logout.LogoutFilter@20425fab, com.benjamin.Banking_app.Security.JwtAuthenticationFilter@1828ab51, org.springframework.security.web.savedrequest.RequestCacheAwareFilter@33a39d7e, org.springframework.security.web.servletapi.SecurityContextHolderAwareRequestFilter@77cd1f67, org.springframework.security.web.authentication.AnonymousAuthenticationFilter@67544105, org.springframework.security.web.session.SessionManagementFilter@5f606ab6, org.springframework.security.web.access.ExceptionTranslationFilter@6c54d0dc, org.springframework.security.web.access.intercept.AuthorizationFilter@65130cf2]
""2026-02-18 23:52:24 [INFO] o.a.c.h.Http11NioProtocol - Starting ProtocolHandler ["http-nio-8080"]
""2026-02-18 23:52:24 [INFO] o.s.b.w.e.t.TomcatWebServer - Tomcat started on port 8080 (http) with context path ''
""2026-02-18 23:52:24 [INFO] c.b.B.App - Started App in 5.338 seconds (process running for 6.246)
""2026-02-18 23:53:42 [INFO] o.a.c.c.C.[.[.[/] - Initializing Spring DispatcherServlet 'dispatcherServlet'
""2026-02-18 23:53:42 [INFO] o.s.w.s.DispatcherServlet - Initializing Servlet 'dispatcherServlet'
""2026-02-18 23:53:42 [INFO] o.s.w.s.DispatcherServlet - Completed initialization in 4 ms
""2026-02-18 23:55:00 [INFO] o.a.c.h.Http11Processor - Error parsing HTTP request header
 Note: further occurrences of HTTP request parsing errors will be logged at DEBUG level.
"java.lang.IllegalArgumentException: Invalid character found in method name [0x160x030x010x000xf70x010x000x000xf30x030x030x050x8b0xa50x000xeaU0xdf90x96$W0xccl\@0xd50x94A,0x940xd5J0xb8`0xd40x11W0x17~0xa00xdf0xe1 ]. HTTP method names must be tokens
	at org.apache.coyote.http11.Http11InputBuffer.parseRequestLine(Http11InputBuffer.java:407)
	at org.apache.coyote.http11.Http11Processor.service(Http11Processor.java:264)
	at org.apache.coyote.AbstractProcessorLight.process(AbstractProcessorLight.java:63)
	at org.apache.coyote.AbstractProtocol$ConnectionHandler.process(AbstractProtocol.java:896)
	at org.apache.tomcat.util.net.NioEndpoint$SocketProcessor.doRun(NioEndpoint.java:1736)
	at org.apache.tomcat.util.net.SocketProcessorBase.run(SocketProcessorBase.java:52)
	at org.apache.tomcat.util.threads.ThreadPoolExecutor.runWorker(ThreadPoolExecutor.java:1191)
	at org.apache.tomcat.util.threads.ThreadPoolExecutor$Worker.run(ThreadPoolExecutor.java:659)
	at org.apache.tomcat.util.threads.TaskThread$WrappingRunnable.run(TaskThread.java:63)
	at java.base/java.lang.Thread.run(Thread.java:1583)
"2026-02-18 23:55:52 [INFO] o.s.o.j.LocalContainerEntityManagerFactoryBean - Closing JPA EntityManagerFactory for persistence unit 'default'
""2026-02-18 23:55:52 [INFO] c.z.h.HikariDataSource - HikariPool-1 - Shutdown initiated...
""2026-02-18 23:55:52 [INFO] c.z.h.HikariDataSource - HikariPool-1 - Shutdown completed.
""2026-02-18 23:55:56 [INFO] o.h.v.i.u.Version - HV000001: Hibernate Validator 8.0.1.Final
""2026-02-18 23:55:56 [INFO] c.b.B.App - Starting App using Java 21 with PID 74088 (/Users/ben/Desktop/b2/Banking_app/target/classes started by ben in /Users/ben/Desktop/b2/Banking_app)
""2026-02-18 23:55:56 [INFO] c.b.B.App - No active profile set, falling back to 1 default profile: "default"
""2026-02-18 23:55:56 [INFO] o.s.d.r.c.RepositoryConfigurationDelegate - Bootstrapping Spring Data JPA repositories in DEFAULT mode.
""2026-02-18 23:55:56 [INFO] o.s.d.r.c.RepositoryConfigurationDelegate - Finished Spring Data repository scanning in 42 ms. Found 5 JPA repository interfaces.
""2026-02-18 23:55:57 [INFO] o.s.b.w.e.t.TomcatWebServer - Tomcat initialized with port 8080 (http)
""2026-02-18 23:55:57 [INFO] o.a.c.h.Http11NioProtocol - Initializing ProtocolHandler ["http-nio-8080"]
""2026-02-18 23:55:57 [INFO] o.a.c.c.StandardService - Starting service [Tomcat]
""2026-02-18 23:55:57 [INFO] o.a.c.c.StandardEngine - Starting Servlet engine: [Apache Tomcat/10.1.20]
""2026-02-18 23:55:57 [INFO] o.a.c.c.C.[.[.[/] - Initializing Spring embedded WebApplicationContext
""2026-02-18 23:55:57 [INFO] o.s.b.w.s.c.ServletWebServerApplicationContext - Root WebApplicationContext: initialization completed in 1278 ms
""2026-02-18 23:55:57 [INFO] o.h.j.i.u.LogHelper - HHH000204: Processing PersistenceUnitInfo [name: default]
""2026-02-18 23:55:57 [INFO] o.h.Version - HHH000412: Hibernate ORM core version 6.4.4.Final
""2026-02-18 23:55:57 [INFO] o.h.c.i.RegionFactoryInitiator - HHH000026: Second-level cache disabled
""2026-02-18 23:55:57 [INFO] o.s.o.j.p.SpringPersistenceUnitInfo - No LoadTimeWeaver setup: ignoring JPA class transformer
""2026-02-18 23:55:57 [INFO] c.z.h.HikariDataSource - HikariPool-1 - Starting...
""2026-02-18 23:55:57 [INFO] c.z.h.p.HikariPool - HikariPool-1 - Added connection org.postgresql.jdbc.PgConnection@30af23fd
""2026-02-18 23:55:57 [INFO] c.z.h.HikariDataSource - HikariPool-1 - Start completed.
""2026-02-18 23:55:58 [INFO] o.h.e.t.j.p.i.JtaPlatformInitiator - HHH000489: No JTA platform available (set 'hibernate.transaction.jta.platform' to enable JTA platform integration)
""2026-02-18 23:55:58 [INFO] o.s.o.j.LocalContainerEntityManagerFactoryBean - Initialized JPA EntityManagerFactory for persistence unit 'default'
""2026-02-18 23:55:59 [WARN] o.s.b.a.o.j.JpaBaseConfiguration$JpaWebConfiguration - spring.jpa.open-in-view is enabled by default. Therefore, database queries may be performed during view rendering. Explicitly configure spring.jpa.open-in-view to disable this warning
""2026-02-18 23:55:59 [INFO] o.s.s.w.DefaultSecurityFilterChain - Will secure any request with [org.springframework.security.web.session.DisableEncodeUrlFilter@63661fc7, org.springframework.security.web.context.request.async.WebAsyncManagerIntegrationFilter@65130cf2, org.springframework.security.web.context.SecurityContextHolderFilter@52ec5ba6, org.springframework.security.web.header.HeaderWriterFilter@79fbcef4, org.springframework.web.filter.CorsFilter@19412eef, org.springframework.security.web.authentication.logout.LogoutFilter@6d028c7e, com.benjamin.Banking_app.Security.JwtAuthenticationFilter@42fdf45e, org.springframework.security.web.savedrequest.RequestCacheAwareFilter@384cd83a, org.springframework.security.web.servletapi.SecurityContextHolderAwareRequestFilter@198a653, org.springframework.security.web.authentication.AnonymousAuthenticationFilter@542b27af, org.springframework.security.web.session.SessionManagementFilter@1d921267, org.springframework.security.web.access.ExceptionTranslationFilter@39d44217, org.springframework.security.web.access.intercept.AuthorizationFilter@34d644b5]
""2026-02-18 23:55:59 [INFO] o.a.c.h.Http11NioProtocol - Starting ProtocolHandler ["http-nio-8080"]
""2026-02-18 23:55:59 [INFO] o.s.b.w.e.t.TomcatWebServer - Tomcat started on port 8080 (http) with context path ''
""2026-02-18 23:55:59 [INFO] c.b.B.App - Started App in 4.223 seconds (process running for 4.853)
""2026-02-18 23:56:09 [INFO] o.a.c.h.Http11Processor - Error parsing HTTP request header
 Note: further occurrences of HTTP request parsing errors will be logged at DEBUG level.
"java.lang.IllegalArgumentException: Invalid character found in method name [0x160x030x010x000xf70x010x000x000xf30x030x03|i0x1bg0xfa0xc7>0x0f0xc6L0x110x8d0xdf0xf5p0x070xb20x880x120x9f0xcdJ0xac%0xc4Q0x18_L0xbd0xf4g ]. HTTP method names must be tokens
	at org.apache.coyote.http11.Http11InputBuffer.parseRequestLine(Http11InputBuffer.java:407)
	at org.apache.coyote.http11.Http11Processor.service(Http11Processor.java:264)
	at org.apache.coyote.AbstractProcessorLight.process(AbstractProcessorLight.java:63)
	at org.apache.coyote.AbstractProtocol$ConnectionHandler.process(AbstractProtocol.java:896)
	at org.apache.tomcat.util.net.NioEndpoint$SocketProcessor.doRun(NioEndpoint.java:1736)
	at org.apache.tomcat.util.net.SocketProcessorBase.run(SocketProcessorBase.java:52)
	at org.apache.tomcat.util.threads.ThreadPoolExecutor.runWorker(ThreadPoolExecutor.java:1191)
	at org.apache.tomcat.util.threads.ThreadPoolExecutor$Worker.run(ThreadPoolExecutor.java:659)
	at org.apache.tomcat.util.threads.TaskThread$WrappingRunnable.run(TaskThread.java:63)
	at java.base/java.lang.Thread.run(Thread.java:1583)
"2026-02-18 23:56:14 [INFO] o.s.o.j.LocalContainerEntityManagerFactoryBean - Closing JPA EntityManagerFactory for persistence unit 'default'
""2026-02-18 23:56:14 [INFO] c.z.h.HikariDataSource - HikariPool-1 - Shutdown initiated...
""2026-02-18 23:56:14 [INFO] c.z.h.HikariDataSource - HikariPool-1 - Shutdown completed.
"