"2026-02-10 16:05:25 [INFO] o.s.o.j.LocalContainerEntityManagerFactoryBean - Closing JPA EntityManagerFactory for persistence unit 'default'
""2026-02-10 16:05:25 [INFO] c.z.h.HikariDataSource - HikariPool-1 - Shutdown initiated...
""2026-02-10 16:05:25 [INFO] c.z.h.HikariDataSource - HikariPool-1 - Shutdown completed.
""2026-02-10 16:05:28 [INFO] o.h.v.i.u.Version - HV000001: Hibernate Validator 8.0.1.Final
""2026-02-10 16:05:28 [INFO] c.b.B.App - Starting App using Java 21 with PID 71380 (/Users/ben/Desktop/b2/Banking_app/target/classes started by ben in /Users/ben/Desktop/b2/Banking_app)
""2026-02-10 16:05:28 [INFO] c.b.B.App - No active profile set, falling back to 1 default profile: "default"
""2026-02-10 16:05:29 [INFO] o.s.d.r.c.RepositoryConfigurationDelegate - Bootstrapping Spring Data JPA repositories in DEFAULT mode.
""2026-02-10 16:05:29 [INFO] o.s.d.r.c.RepositoryConfigurationDelegate - Finished Spring Data repository scanning in 46 ms. Found 5 JPA repository interfaces.
""2026-02-10 16:05:30 [INFO] o.s.b.w.e.t.TomcatWebServer - Tomcat initialized with port 8080 (http)
""2026-02-10 16:05:30 [INFO] o.a.c.h.Http11NioProtocol - Initializing ProtocolHandler ["http-nio-8080"]
""2026-02-10 16:05:30 [INFO] o.a.c.c.StandardService - Starting service [Tomcat]
""2026-02-10 16:05:30 [INFO] o.a.c.c.StandardEngine - Starting Servlet engine: [Apache Tomcat/10.1.20]
""2026-02-10 16:05:30 [INFO] o.a.c.c.C.[.[.[/] - Initializing Spring embedded WebApplicationContext
""2026-02-10 16:05:30 [INFO] o.s.b.w.s.c.ServletWebServerApplicationContext - Root WebApplicationContext: initialization completed in 1394 ms
""2026-02-10 16:05:30 [INFO] o.h.j.i.u.LogHelper - HHH000204: Processing PersistenceUnitInfo [name: default]
""2026-02-10 16:05:30 [INFO] o.h.Version - HHH000412: Hibernate ORM core version 6.4.4.Final
""2026-02-10 16:05:30 [INFO] o.h.c.i.RegionFactoryInitiator - HHH000026: Second-level cache disabled
""2026-02-10 16:05:30 [INFO] o.s.o.j.p.SpringPersistenceUnitInfo - No LoadTimeWeaver setup: ignoring JPA class transformer
""2026-02-10 16:05:30 [INFO] c.z.h.HikariDataSource - HikariPool-1 - Starting...
""2026-02-10 16:05:30 [INFO] c.z.h.p.HikariPool - HikariPool-1 - Added connection org.postgresql.jdbc.PgConnection@66d2885c
""2026-02-10 16:05:30 [INFO] c.z.h.HikariDataSource - HikariPool-1 - Start completed.
""2026-02-10 16:05:31 [INFO] o.h.e.t.j.p.i.JtaPlatformInitiator - HHH000489: No JTA platform available (set 'hibernate.transaction.jta.platform' to enable JTA platform integration)
""2026-02-10 16:05:31 [INFO] o.s.o.j.LocalContainerEntityManagerFactoryBean - Initialized JPA EntityManagerFactory for persistence unit 'default'
""2026-02-10 16:05:32 [WARN] o.s.b.a.o.j.JpaBaseConfiguration$JpaWebConfiguration - spring.jpa.open-in-view is enabled by default. Therefore, database queries may be performed during view rendering. Explicitly configure spring.jpa.open-in-view to disable this warning
""2026-02-10 16:05:32 [INFO] o.s.s.w.DefaultSecurityFilterChain - Will secure any request with [org.springframework.security.web.session.DisableEncodeUrlFilter@40e90634, org.springframework.security.web.context.request.async.WebAsyncManagerIntegrationFilter@78b29e00, org.springframework.security.web.context.SecurityContextHolderFilter@e594c46, org.springframework.security.web.header.HeaderWriterFilter@2719139f, org.springframework.web.filter.CorsFilter@5c438795, org.springframework.security.web.authentication.logout.LogoutFilter@109f95b1, com.benjamin.Banking_app.Security.JwtAuthenticationFilter@750adad8, org.springframework.security.web.savedrequest.RequestCacheAwareFilter@6b6bae60, org.springframework.security.web.servletapi.SecurityContextHolderAwareRequestFilter@22c14d10, org.springframework.security.web.authentication.AnonymousAuthenticationFilter@3b4b2c03, org.springframework.security.web.session.SessionManagementFilter@5578ed7e, org.springframework.security.web.access.ExceptionTranslationFilter@1e8b0ab5, org.springframework.security.web.access.intercept.AuthorizationFilter@75f9a35a]
""2026-02-10 16:05:32 [INFO] o.a.c.h.Http11NioProtocol - Starting ProtocolHandler ["http-nio-8080"]
""2026-02-10 16:05:32 [INFO] o.s.b.w.e.t.TomcatWebServer - Tomcat started on port 8080 (http) with context path ''
""2026-02-10 16:05:32 [INFO] c.b.B.App - Started App in 4.265 seconds (process running for 4.939)
""2026-02-10 16:05:36 [INFO] o.a.c.c.C.[.[.[/] - Initializing Spring DispatcherServlet 'dispatcherServlet'
""2026-02-10 16:05:36 [INFO] o.s.w.s.DispatcherServlet - Initializing Servlet 'dispatcherServlet'
""2026-02-10 16:05:36 [INFO] o.s.w.s.DispatcherServlet - Completed initialization in 3 ms
""2026-02-10 16:09:32 [INFO] o.s.o.j.LocalContainerEntityManagerFactoryBean - Closing JPA EntityManagerFactory for persistence unit 'default'
""2026-02-10 16:09:32 [INFO] c.z.h.HikariDataSource - HikariPool-1 - Shutdown initiated...
""2026-02-10 16:09:32 [INFO] c.z.h.HikariDataSource - HikariPool-1 - Shutdown completed.
"